Change Component Designator: Old Designator=C36 New Designator=C42
Change Component Designator: Old Designator=C37 New Designator=C43
Change Component Designator: Old Designator=C38 New Designator=C44
Change Component Designator: Old Designator=C40 New Designator=C45
Change Component Designator: Old Designator=C42 New Designator=C46
Change Component Designator: Old Designator=C43 New Designator=C49
Change Component Designator: Old Designator=C44 New Designator=C50
Change Component Designator: Old Designator=C? New Designator=C38
Change Component Designator: Old Designator=C? New Designator=C39
Change Component Designator: Old Designator=C? New Designator=C40
Change Component Designator: Old Designator=C? New Designator=C41
Change Component Designator: Old Designator=C? New Designator=C47
Change Component Designator: Old Designator=C? New Designator=C48
Change Component Designator: Old Designator=D2 New Designator=D1
Change Component Designator: Old Designator=DD? New Designator=DD2
Change Component Designator: Old Designator=DD? New Designator=DD3
Change Component Designator: Old Designator=R? New Designator=R42
Change Component Designator: Old Designator=R? New Designator=R43
Change Component Designator: Old Designator=R? New Designator=R41
Change Component Designator: Old Designator=VD? New Designator=VD26
Change Component Designator: Old Designator=VD? New Designator=VD26
Change Component Designator: Old Designator=VD? New Designator=VD23
Change Component Designator: Old Designator=VD? New Designator=VD24
Change Component Designator: Old Designator=VD? New Designator=VD25
