Change Component Physical Designator: Old Designator=C36_U_485_1 New Designator=C1
Change Component Physical Designator: Old Designator=C36_U_485_2 New Designator=C8
Change Component Physical Designator: Old Designator=C37_U_485_1 New Designator=C2
Change Component Physical Designator: Old Designator=C37_U_485_2 New Designator=C9
Change Component Physical Designator: Old Designator=C38_U_485_1 New Designator=C3
Change Component Physical Designator: Old Designator=C38_U_485_2 New Designator=C10
Change Component Physical Designator: Old Designator=C40_U_485_1 New Designator=C4
Change Component Physical Designator: Old Designator=C40_U_485_2 New Designator=C11
Change Component Physical Designator: Old Designator=C42_U_485_1 New Designator=C5
Change Component Physical Designator: Old Designator=C42_U_485_2 New Designator=C12
Change Component Physical Designator: Old Designator=C43_U_485_1 New Designator=C6
Change Component Physical Designator: Old Designator=C43_U_485_2 New Designator=C13
Change Component Physical Designator: Old Designator=C44_U_485_1 New Designator=C7
Change Component Physical Designator: Old Designator=C44_U_485_2 New Designator=C14
Change Component Physical Designator: Old Designator=C? New Designator=C?45
Change Component Physical Designator: Old Designator=C? New Designator=C?46
Change Component Physical Designator: Old Designator=C? New Designator=C?71
Change Component Physical Designator: Old Designator=C? New Designator=C?72
Change Component Physical Designator: Old Designator=C? New Designator=C?73
Change Component Physical Designator: Old Designator=C? New Designator=C?74
Change Component Physical Designator: Old Designator=C? New Designator=C?75
Change Component Physical Designator: Old Designator=C? New Designator=C?76
Change Component Physical Designator: Old Designator=C? New Designator=C?77
Change Component Physical Designator: Old Designator=C? New Designator=C?78
Change Component Physical Designator: Old Designator=C? New Designator=C?79
Change Component Physical Designator: Old Designator=C? New Designator=C?80
Change Component Physical Designator: Old Designator=C? New Designator=C?81
Change Component Physical Designator: Old Designator=C? New Designator=C?82
Change Component Physical Designator: Old Designator=C? New Designator=C?83
Change Component Physical Designator: Old Designator=C? New Designator=C?84
Change Component Physical Designator: Old Designator=C? New Designator=C?85
Change Component Physical Designator: Old Designator=C?_DI_ch1 New Designator=C?13
Change Component Physical Designator: Old Designator=C?_DI_ch1 New Designator=C?14
Change Component Physical Designator: Old Designator=C?_DI_ch1 New Designator=C?15
Change Component Physical Designator: Old Designator=C?_DI_ch1 New Designator=C?16
Change Component Physical Designator: Old Designator=C?_DI_ch1 New Designator=C?17
Change Component Physical Designator: Old Designator=C?_DI_ch1 New Designator=C?18
Change Component Physical Designator: Old Designator=C?_DI_ch1 New Designator=C?19
Change Component Physical Designator: Old Designator=C?_DI_ch1 New Designator=C?20
Change Component Physical Designator: Old Designator=C?_DI_ch2 New Designator=C?21
Change Component Physical Designator: Old Designator=C?_DI_ch2 New Designator=C?22
Change Component Physical Designator: Old Designator=C?_DI_ch2 New Designator=C?23
Change Component Physical Designator: Old Designator=C?_DI_ch2 New Designator=C?24
Change Component Physical Designator: Old Designator=C?_DI_ch2 New Designator=C?25
Change Component Physical Designator: Old Designator=C?_DI_ch2 New Designator=C?26
Change Component Physical Designator: Old Designator=C?_DI_ch2 New Designator=C?27
Change Component Physical Designator: Old Designator=C?_DI_ch2 New Designator=C?28
Change Component Physical Designator: Old Designator=C?_DI_ch3 New Designator=C?29
Change Component Physical Designator: Old Designator=C?_DI_ch3 New Designator=C?30
Change Component Physical Designator: Old Designator=C?_DI_ch3 New Designator=C?31
Change Component Physical Designator: Old Designator=C?_DI_ch3 New Designator=C?32
Change Component Physical Designator: Old Designator=C?_DI_ch3 New Designator=C?33
Change Component Physical Designator: Old Designator=C?_DI_ch3 New Designator=C?34
Change Component Physical Designator: Old Designator=C?_DI_ch3 New Designator=C?35
Change Component Physical Designator: Old Designator=C?_DI_ch3 New Designator=C?36
Change Component Physical Designator: Old Designator=C?_DI_ch4 New Designator=C?37
Change Component Physical Designator: Old Designator=C?_DI_ch4 New Designator=C?38
Change Component Physical Designator: Old Designator=C?_DI_ch4 New Designator=C?39
Change Component Physical Designator: Old Designator=C?_DI_ch4 New Designator=C?40
Change Component Physical Designator: Old Designator=C?_DI_ch4 New Designator=C?41
Change Component Physical Designator: Old Designator=C?_DI_ch4 New Designator=C?42
Change Component Physical Designator: Old Designator=C?_DI_ch4 New Designator=C?43
Change Component Physical Designator: Old Designator=C?_DI_ch4 New Designator=C?44
Change Component Physical Designator: Old Designator=C?_U_485_1 New Designator=C?1
Change Component Physical Designator: Old Designator=C?_U_485_1 New Designator=C?2
Change Component Physical Designator: Old Designator=C?_U_485_1 New Designator=C?3
Change Component Physical Designator: Old Designator=C?_U_485_1 New Designator=C?4
Change Component Physical Designator: Old Designator=C?_U_485_1 New Designator=C?5
Change Component Physical Designator: Old Designator=C?_U_485_1 New Designator=C?6
Change Component Physical Designator: Old Designator=C?_U_485_2 New Designator=C?7
Change Component Physical Designator: Old Designator=C?_U_485_2 New Designator=C?8
Change Component Physical Designator: Old Designator=C?_U_485_2 New Designator=C?9
Change Component Physical Designator: Old Designator=C?_U_485_2 New Designator=C?10
Change Component Physical Designator: Old Designator=C?_U_485_2 New Designator=C?11
Change Component Physical Designator: Old Designator=C?_U_485_2 New Designator=C?12
Change Component Physical Designator: Old Designator=C?_U_PROC1 New Designator=C?47
Change Component Physical Designator: Old Designator=C?_U_PROC1 New Designator=C?48
Change Component Physical Designator: Old Designator=C?_U_PROC1 New Designator=C?49
Change Component Physical Designator: Old Designator=C?_U_PROC1 New Designator=C?50
Change Component Physical Designator: Old Designator=C?_U_PROC1 New Designator=C?51
Change Component Physical Designator: Old Designator=C?_U_PROC1 New Designator=C?52
Change Component Physical Designator: Old Designator=C?_U_PROC1 New Designator=C?53
Change Component Physical Designator: Old Designator=C?_U_PROC1 New Designator=C?54
Change Component Physical Designator: Old Designator=C?_U_PROC1 New Designator=C?55
Change Component Physical Designator: Old Designator=C?_U_PROC1 New Designator=C?56
Change Component Physical Designator: Old Designator=C?_U_PROC1 New Designator=C?57
Change Component Physical Designator: Old Designator=C?_U_PROC1 New Designator=C?58
Change Component Physical Designator: Old Designator=C?_U_PROC2 New Designator=C?59
Change Component Physical Designator: Old Designator=C?_U_PROC2 New Designator=C?60
Change Component Physical Designator: Old Designator=C?_U_PROC2 New Designator=C?61
Change Component Physical Designator: Old Designator=C?_U_PROC2 New Designator=C?62
Change Component Physical Designator: Old Designator=C?_U_PROC2 New Designator=C?63
Change Component Physical Designator: Old Designator=C?_U_PROC2 New Designator=C?64
Change Component Physical Designator: Old Designator=C?_U_PROC2 New Designator=C?65
Change Component Physical Designator: Old Designator=C?_U_PROC2 New Designator=C?66
Change Component Physical Designator: Old Designator=C?_U_PROC2 New Designator=C?67
Change Component Physical Designator: Old Designator=C?_U_PROC2 New Designator=C?68
Change Component Physical Designator: Old Designator=C?_U_PROC2 New Designator=C?69
Change Component Physical Designator: Old Designator=C?_U_PROC2 New Designator=C?70
Change Component Physical Designator: Old Designator=D2_U_485_1 New Designator=D1
Change Component Physical Designator: Old Designator=D2_U_485_2 New Designator=D2
Change Component Physical Designator: Old Designator=DA? New Designator=DA?11
Change Component Physical Designator: Old Designator=DA? New Designator=DA?12
Change Component Physical Designator: Old Designator=DA? New Designator=DA?13
Change Component Physical Designator: Old Designator=DA? New Designator=DA?14
Change Component Physical Designator: Old Designator=DA? New Designator=DA?15
Change Component Physical Designator: Old Designator=DA?_DI_ch1 New Designator=DA?1
Change Component Physical Designator: Old Designator=DA?_DI_ch1 New Designator=DA?2
Change Component Physical Designator: Old Designator=DA?_DI_ch2 New Designator=DA?3
Change Component Physical Designator: Old Designator=DA?_DI_ch2 New Designator=DA?4
Change Component Physical Designator: Old Designator=DA?_DI_ch3 New Designator=DA?5
Change Component Physical Designator: Old Designator=DA?_DI_ch3 New Designator=DA?6
Change Component Physical Designator: Old Designator=DA?_DI_ch4 New Designator=DA?7
Change Component Physical Designator: Old Designator=DA?_DI_ch4 New Designator=DA?8
Change Component Physical Designator: Old Designator=DA?_U_heat1 New Designator=DA?9
Change Component Physical Designator: Old Designator=DA?_U_heat2 New Designator=DA?10
Change Component Physical Designator: Old Designator=DD?_U_485_1 New Designator=DD?1
Change Component Physical Designator: Old Designator=DD?_U_485_1 New Designator=DD?2
Change Component Physical Designator: Old Designator=DD?_U_485_2 New Designator=DD?3
Change Component Physical Designator: Old Designator=DD?_U_485_2 New Designator=DD?4
Change Component Physical Designator: Old Designator=DD?_U_PROC1 New Designator=DD?5
Change Component Physical Designator: Old Designator=DD?_U_PROC2 New Designator=DD?6
Change Component Physical Designator: Old Designator=FU? New Designator=FU?1
Change Component Physical Designator: Old Designator=FU? New Designator=FU?2
Change Component Physical Designator: Old Designator=FU? New Designator=FU?3
Change Component Physical Designator: Old Designator=L? New Designator=L?3
Change Component Physical Designator: Old Designator=L? New Designator=L?4
Change Component Physical Designator: Old Designator=L? New Designator=L?5
Change Component Physical Designator: Old Designator=L? New Designator=L?6
Change Component Physical Designator: Old Designator=L?_U_PROC1 New Designator=L?1
Change Component Physical Designator: Old Designator=L?_U_PROC2 New Designator=L?2
Change Component Physical Designator: Old Designator=Q? New Designator=Q?5
Change Component Physical Designator: Old Designator=Q? New Designator=Q?6
Change Component Physical Designator: Old Designator=Q? New Designator=Q?7
Change Component Physical Designator: Old Designator=Q?_U_heat1 New Designator=Q?1
Change Component Physical Designator: Old Designator=Q?_U_heat1 New Designator=Q?2
Change Component Physical Designator: Old Designator=Q?_U_heat2 New Designator=Q?3
Change Component Physical Designator: Old Designator=Q?_U_heat2 New Designator=Q?4
Change Component Physical Designator: Old Designator=R? New Designator=R?107
Change Component Physical Designator: Old Designator=R? New Designator=R?108
Change Component Physical Designator: Old Designator=R? New Designator=R?109
Change Component Physical Designator: Old Designator=R? New Designator=R?110
Change Component Physical Designator: Old Designator=R? New Designator=R?111
Change Component Physical Designator: Old Designator=R? New Designator=R?112
Change Component Physical Designator: Old Designator=R? New Designator=R?113
Change Component Physical Designator: Old Designator=R? New Designator=R?114
Change Component Physical Designator: Old Designator=R? New Designator=R?115
Change Component Physical Designator: Old Designator=R? New Designator=R?116
Change Component Physical Designator: Old Designator=R? New Designator=R?117
Change Component Physical Designator: Old Designator=R? New Designator=R?118
Change Component Physical Designator: Old Designator=R? New Designator=R?95
Change Component Physical Designator: Old Designator=R? New Designator=R?96
Change Component Physical Designator: Old Designator=R? New Designator=R?97
Change Component Physical Designator: Old Designator=R? New Designator=R?98
Change Component Physical Designator: Old Designator=R? New Designator=R?95
Change Component Physical Designator: Old Designator=R? New Designator=R?96
Change Component Physical Designator: Old Designator=R? New Designator=R?97
Change Component Physical Designator: Old Designator=R? New Designator=R?98
Change Component Physical Designator: Old Designator=R? New Designator=R?95
Change Component Physical Designator: Old Designator=R? New Designator=R?96
Change Component Physical Designator: Old Designator=R? New Designator=R?97
Change Component Physical Designator: Old Designator=R? New Designator=R?98
Change Component Physical Designator: Old Designator=R? New Designator=R?95
Change Component Physical Designator: Old Designator=R? New Designator=R?96
Change Component Physical Designator: Old Designator=R? New Designator=R?97
Change Component Physical Designator: Old Designator=R? New Designator=R?98
Change Component Physical Designator: Old Designator=R?_DI_ch1 New Designator=R?7
Change Component Physical Designator: Old Designator=R?_DI_ch1 New Designator=R?8
Change Component Physical Designator: Old Designator=R?_DI_ch1 New Designator=R?9
Change Component Physical Designator: Old Designator=R?_DI_ch1 New Designator=R?10
Change Component Physical Designator: Old Designator=R?_DI_ch1 New Designator=R?11
Change Component Physical Designator: Old Designator=R?_DI_ch1 New Designator=R?12
Change Component Physical Designator: Old Designator=R?_DI_ch1 New Designator=R?13
Change Component Physical Designator: Old Designator=R?_DI_ch1 New Designator=R?14
Change Component Physical Designator: Old Designator=R?_DI_ch1 New Designator=R?15
Change Component Physical Designator: Old Designator=R?_DI_ch1 New Designator=R?16
Change Component Physical Designator: Old Designator=R?_DI_ch1 New Designator=R?17
Change Component Physical Designator: Old Designator=R?_DI_ch1 New Designator=R?18
Change Component Physical Designator: Old Designator=R?_DI_ch1 New Designator=R?19
Change Component Physical Designator: Old Designator=R?_DI_ch1 New Designator=R?20
Change Component Physical Designator: Old Designator=R?_DI_ch1 New Designator=R?21
Change Component Physical Designator: Old Designator=R?_DI_ch1 New Designator=R?22
Change Component Physical Designator: Old Designator=R?_DI_ch1 New Designator=R?23
Change Component Physical Designator: Old Designator=R?_DI_ch1 New Designator=R?24
Change Component Physical Designator: Old Designator=R?_DI_ch1 New Designator=R?25
Change Component Physical Designator: Old Designator=R?_DI_ch1 New Designator=R?26
Change Component Physical Designator: Old Designator=R?_DI_ch2 New Designator=R?27
Change Component Physical Designator: Old Designator=R?_DI_ch2 New Designator=R?28
Change Component Physical Designator: Old Designator=R?_DI_ch2 New Designator=R?29
Change Component Physical Designator: Old Designator=R?_DI_ch2 New Designator=R?30
Change Component Physical Designator: Old Designator=R?_DI_ch2 New Designator=R?31
Change Component Physical Designator: Old Designator=R?_DI_ch2 New Designator=R?32
Change Component Physical Designator: Old Designator=R?_DI_ch2 New Designator=R?33
Change Component Physical Designator: Old Designator=R?_DI_ch2 New Designator=R?34
Change Component Physical Designator: Old Designator=R?_DI_ch2 New Designator=R?35
Change Component Physical Designator: Old Designator=R?_DI_ch2 New Designator=R?36
Change Component Physical Designator: Old Designator=R?_DI_ch2 New Designator=R?37
Change Component Physical Designator: Old Designator=R?_DI_ch2 New Designator=R?38
Change Component Physical Designator: Old Designator=R?_DI_ch2 New Designator=R?39
Change Component Physical Designator: Old Designator=R?_DI_ch2 New Designator=R?40
Change Component Physical Designator: Old Designator=R?_DI_ch2 New Designator=R?41
Change Component Physical Designator: Old Designator=R?_DI_ch2 New Designator=R?42
Change Component Physical Designator: Old Designator=R?_DI_ch2 New Designator=R?43
Change Component Physical Designator: Old Designator=R?_DI_ch2 New Designator=R?44
Change Component Physical Designator: Old Designator=R?_DI_ch2 New Designator=R?45
Change Component Physical Designator: Old Designator=R?_DI_ch2 New Designator=R?46
Change Component Physical Designator: Old Designator=R?_DI_ch3 New Designator=R?47
Change Component Physical Designator: Old Designator=R?_DI_ch3 New Designator=R?48
Change Component Physical Designator: Old Designator=R?_DI_ch3 New Designator=R?49
Change Component Physical Designator: Old Designator=R?_DI_ch3 New Designator=R?50
Change Component Physical Designator: Old Designator=R?_DI_ch3 New Designator=R?51
Change Component Physical Designator: Old Designator=R?_DI_ch3 New Designator=R?52
Change Component Physical Designator: Old Designator=R?_DI_ch3 New Designator=R?53
Change Component Physical Designator: Old Designator=R?_DI_ch3 New Designator=R?54
Change Component Physical Designator: Old Designator=R?_DI_ch3 New Designator=R?55
Change Component Physical Designator: Old Designator=R?_DI_ch3 New Designator=R?56
Change Component Physical Designator: Old Designator=R?_DI_ch3 New Designator=R?57
Change Component Physical Designator: Old Designator=R?_DI_ch3 New Designator=R?58
Change Component Physical Designator: Old Designator=R?_DI_ch3 New Designator=R?59
Change Component Physical Designator: Old Designator=R?_DI_ch3 New Designator=R?60
Change Component Physical Designator: Old Designator=R?_DI_ch3 New Designator=R?61
Change Component Physical Designator: Old Designator=R?_DI_ch3 New Designator=R?62
Change Component Physical Designator: Old Designator=R?_DI_ch3 New Designator=R?63
Change Component Physical Designator: Old Designator=R?_DI_ch3 New Designator=R?64
Change Component Physical Designator: Old Designator=R?_DI_ch3 New Designator=R?65
Change Component Physical Designator: Old Designator=R?_DI_ch3 New Designator=R?66
Change Component Physical Designator: Old Designator=R?_DI_ch4 New Designator=R?67
Change Component Physical Designator: Old Designator=R?_DI_ch4 New Designator=R?68
Change Component Physical Designator: Old Designator=R?_DI_ch4 New Designator=R?69
Change Component Physical Designator: Old Designator=R?_DI_ch4 New Designator=R?70
Change Component Physical Designator: Old Designator=R?_DI_ch4 New Designator=R?71
Change Component Physical Designator: Old Designator=R?_DI_ch4 New Designator=R?72
Change Component Physical Designator: Old Designator=R?_DI_ch4 New Designator=R?73
Change Component Physical Designator: Old Designator=R?_DI_ch4 New Designator=R?74
Change Component Physical Designator: Old Designator=R?_DI_ch4 New Designator=R?75
Change Component Physical Designator: Old Designator=R?_DI_ch4 New Designator=R?76
Change Component Physical Designator: Old Designator=R?_DI_ch4 New Designator=R?77
Change Component Physical Designator: Old Designator=R?_DI_ch4 New Designator=R?78
Change Component Physical Designator: Old Designator=R?_DI_ch4 New Designator=R?79
Change Component Physical Designator: Old Designator=R?_DI_ch4 New Designator=R?80
Change Component Physical Designator: Old Designator=R?_DI_ch4 New Designator=R?81
Change Component Physical Designator: Old Designator=R?_DI_ch4 New Designator=R?82
Change Component Physical Designator: Old Designator=R?_DI_ch4 New Designator=R?83
Change Component Physical Designator: Old Designator=R?_DI_ch4 New Designator=R?84
Change Component Physical Designator: Old Designator=R?_DI_ch4 New Designator=R?85
Change Component Physical Designator: Old Designator=R?_DI_ch4 New Designator=R?86
Change Component Physical Designator: Old Designator=R?_U_485_1 New Designator=R?1
Change Component Physical Designator: Old Designator=R?_U_485_1 New Designator=R?2
Change Component Physical Designator: Old Designator=R?_U_485_1 New Designator=R?3
Change Component Physical Designator: Old Designator=R?_U_485_2 New Designator=R?4
Change Component Physical Designator: Old Designator=R?_U_485_2 New Designator=R?5
Change Component Physical Designator: Old Designator=R?_U_485_2 New Designator=R?6
Change Component Physical Designator: Old Designator=R?_U_heat1 New Designator=R?87
Change Component Physical Designator: Old Designator=R?_U_heat1 New Designator=R?88
Change Component Physical Designator: Old Designator=R?_U_heat1 New Designator=R?89
Change Component Physical Designator: Old Designator=R?_U_heat1 New Designator=R?90
Change Component Physical Designator: Old Designator=R?_U_heat2 New Designator=R?91
Change Component Physical Designator: Old Designator=R?_U_heat2 New Designator=R?92
Change Component Physical Designator: Old Designator=R?_U_heat2 New Designator=R?93
Change Component Physical Designator: Old Designator=R?_U_heat2 New Designator=R?94
Change Component Physical Designator: Old Designator=R?_U_PROC1 New Designator=R?99
Change Component Physical Designator: Old Designator=R?_U_PROC1 New Designator=R?100
Change Component Physical Designator: Old Designator=R?_U_PROC1 New Designator=R?101
Change Component Physical Designator: Old Designator=R?_U_PROC1 New Designator=R?102
Change Component Physical Designator: Old Designator=R?_U_PROC2 New Designator=R?103
Change Component Physical Designator: Old Designator=R?_U_PROC2 New Designator=R?104
Change Component Physical Designator: Old Designator=R?_U_PROC2 New Designator=R?105
Change Component Physical Designator: Old Designator=R?_U_PROC2 New Designator=R?106
Change Component Physical Designator: Old Designator=U? New Designator=U?1
Change Component Physical Designator: Old Designator=U? New Designator=U?2
Change Component Physical Designator: Old Designator=U?_U_PROC1 New Designator=U?3
Change Component Physical Designator: Old Designator=U?_U_PROC2 New Designator=U?4
Change Component Physical Designator: Old Designator=VD? New Designator=VD?33
Change Component Physical Designator: Old Designator=VD? New Designator=VD?34
Change Component Physical Designator: Old Designator=VD? New Designator=VD?35
Change Component Physical Designator: Old Designator=VD? New Designator=VD?36
Change Component Physical Designator: Old Designator=VD? New Designator=VD?37
Change Component Physical Designator: Old Designator=VD? New Designator=VD?38
Change Component Physical Designator: Old Designator=VD? New Designator=VD?39
Change Component Physical Designator: Old Designator=VD? New Designator=VD?40
Change Component Physical Designator: Old Designator=VD? New Designator=VD?41
Change Component Physical Designator: Old Designator=VD? New Designator=VD?42
Change Component Physical Designator: Old Designator=VD? New Designator=VD?25
Change Component Physical Designator: Old Designator=VD? New Designator=VD?26
Change Component Physical Designator: Old Designator=VD? New Designator=VD?27
Change Component Physical Designator: Old Designator=VD? New Designator=VD?28
Change Component Physical Designator: Old Designator=VD? New Designator=VD?29
Change Component Physical Designator: Old Designator=VD? New Designator=VD?30
Change Component Physical Designator: Old Designator=VD? New Designator=VD?31
Change Component Physical Designator: Old Designator=VD? New Designator=VD?32
Change Component Physical Designator: Old Designator=VD? New Designator=VD?25
Change Component Physical Designator: Old Designator=VD? New Designator=VD?26
Change Component Physical Designator: Old Designator=VD? New Designator=VD?27
Change Component Physical Designator: Old Designator=VD? New Designator=VD?28
Change Component Physical Designator: Old Designator=VD? New Designator=VD?29
Change Component Physical Designator: Old Designator=VD? New Designator=VD?30
Change Component Physical Designator: Old Designator=VD? New Designator=VD?31
Change Component Physical Designator: Old Designator=VD? New Designator=VD?32
Change Component Physical Designator: Old Designator=VD?_DI_ch1 New Designator=VD?9
Change Component Physical Designator: Old Designator=VD?_DI_ch1 New Designator=VD?10
Change Component Physical Designator: Old Designator=VD?_DI_ch1 New Designator=VD?11
Change Component Physical Designator: Old Designator=VD?_DI_ch1 New Designator=VD?12
Change Component Physical Designator: Old Designator=VD?_DI_ch2 New Designator=VD?13
Change Component Physical Designator: Old Designator=VD?_DI_ch2 New Designator=VD?14
Change Component Physical Designator: Old Designator=VD?_DI_ch2 New Designator=VD?15
Change Component Physical Designator: Old Designator=VD?_DI_ch2 New Designator=VD?16
Change Component Physical Designator: Old Designator=VD?_DI_ch3 New Designator=VD?17
Change Component Physical Designator: Old Designator=VD?_DI_ch3 New Designator=VD?18
Change Component Physical Designator: Old Designator=VD?_DI_ch3 New Designator=VD?19
Change Component Physical Designator: Old Designator=VD?_DI_ch3 New Designator=VD?20
Change Component Physical Designator: Old Designator=VD?_DI_ch4 New Designator=VD?21
Change Component Physical Designator: Old Designator=VD?_DI_ch4 New Designator=VD?22
Change Component Physical Designator: Old Designator=VD?_DI_ch4 New Designator=VD?23
Change Component Physical Designator: Old Designator=VD?_DI_ch4 New Designator=VD?24
Change Component Physical Designator: Old Designator=VD?_U_485_1 New Designator=VD?1
Change Component Physical Designator: Old Designator=VD?_U_485_1 New Designator=VD?2
Change Component Physical Designator: Old Designator=VD?_U_485_1 New Designator=VD?3
Change Component Physical Designator: Old Designator=VD?_U_485_1 New Designator=VD?4
Change Component Physical Designator: Old Designator=VD?_U_485_1 New Designator=VD?4
Change Component Physical Designator: Old Designator=VD?_U_485_2 New Designator=VD?5
Change Component Physical Designator: Old Designator=VD?_U_485_2 New Designator=VD?6
Change Component Physical Designator: Old Designator=VD?_U_485_2 New Designator=VD?7
Change Component Physical Designator: Old Designator=VD?_U_485_2 New Designator=VD?8
Change Component Physical Designator: Old Designator=VD?_U_485_2 New Designator=VD?8
Change Component Physical Designator: Old Designator=VT? New Designator=VT?1
Change Component Physical Designator: Old Designator=X? New Designator=X?1
Change Component Physical Designator: Old Designator=X? New Designator=X?2
Change Component Physical Designator: Old Designator=X? New Designator=X?3
Change Component Physical Designator: Old Designator=X? New Designator=X?4
Change Component Physical Designator: Old Designator=X? New Designator=X?5
Change Component Physical Designator: Old Designator=X?_U_PROC1 New Designator=X?6
Change Component Physical Designator: Old Designator=X?_U_PROC1 New Designator=X?7
Change Component Physical Designator: Old Designator=X?_U_PROC1 New Designator=X?8
Change Component Physical Designator: Old Designator=X?_U_PROC1 New Designator=X?9
Change Component Physical Designator: Old Designator=X?_U_PROC1 New Designator=X?10
Change Component Physical Designator: Old Designator=X?_U_PROC2 New Designator=X?11
Change Component Physical Designator: Old Designator=X?_U_PROC2 New Designator=X?12
Change Component Physical Designator: Old Designator=X?_U_PROC2 New Designator=X?13
Change Component Physical Designator: Old Designator=X?_U_PROC2 New Designator=X?14
Change Component Physical Designator: Old Designator=X?_U_PROC2 New Designator=X?15
Change Component Physical Designator: Old Designator=ZL?_U_PROC1 New Designator=ZL?1
Change Component Physical Designator: Old Designator=ZL?_U_PROC2 New Designator=ZL?2
Change Component Physical Designator: Old Designator=ZQ?_U_PROC1 New Designator=ZQ?1
Change Component Physical Designator: Old Designator=ZQ?_U_PROC2 New Designator=ZQ?2
