Change Component Physical Designator: Old Designator=C1 New Designator=C5
Change Component Physical Designator: Old Designator=C2 New Designator=C6
Change Component Physical Designator: Old Designator=C3 New Designator=C7
Change Component Physical Designator: Old Designator=C4 New Designator=C8
Change Component Physical Designator: Old Designator=C5 New Designator=C9
Change Component Physical Designator: Old Designator=C6 New Designator=C12
Change Component Physical Designator: Old Designator=C7 New Designator=C13
Change Component Physical Designator: Old Designator=C8 New Designator=C18
Change Component Physical Designator: Old Designator=C9 New Designator=C19
Change Component Physical Designator: Old Designator=C10 New Designator=C20
Change Component Physical Designator: Old Designator=C11 New Designator=C21
Change Component Physical Designator: Old Designator=C12 New Designator=C22
Change Component Physical Designator: Old Designator=C13 New Designator=C25
Change Component Physical Designator: Old Designator=C14 New Designator=C26
Change Component Physical Designator: Old Designator=C?1 New Designator=C1
Change Component Physical Designator: Old Designator=C?2 New Designator=C2
Change Component Physical Designator: Old Designator=C?3 New Designator=C3
Change Component Physical Designator: Old Designator=C?4 New Designator=C4
Change Component Physical Designator: Old Designator=C?5 New Designator=C10
Change Component Physical Designator: Old Designator=C?6 New Designator=C11
Change Component Physical Designator: Old Designator=C?7 New Designator=C14
Change Component Physical Designator: Old Designator=C?8 New Designator=C15
Change Component Physical Designator: Old Designator=C?9 New Designator=C16
Change Component Physical Designator: Old Designator=C?10 New Designator=C17
Change Component Physical Designator: Old Designator=C?11 New Designator=C23
Change Component Physical Designator: Old Designator=C?12 New Designator=C24
Change Component Physical Designator: Old Designator=C?13 New Designator=C27
Change Component Physical Designator: Old Designator=C?14 New Designator=C28
Change Component Physical Designator: Old Designator=C?15 New Designator=C29
Change Component Physical Designator: Old Designator=C?16 New Designator=C30
Change Component Physical Designator: Old Designator=C?17 New Designator=C31
Change Component Physical Designator: Old Designator=C?18 New Designator=C32
Change Component Physical Designator: Old Designator=C?19 New Designator=C33
Change Component Physical Designator: Old Designator=C?20 New Designator=C34
Change Component Physical Designator: Old Designator=C?21 New Designator=C35
Change Component Physical Designator: Old Designator=C?22 New Designator=C36
Change Component Physical Designator: Old Designator=C?23 New Designator=C37
Change Component Physical Designator: Old Designator=C?24 New Designator=C38
Change Component Physical Designator: Old Designator=C?25 New Designator=C39
Change Component Physical Designator: Old Designator=C?26 New Designator=C40
Change Component Physical Designator: Old Designator=C?27 New Designator=C41
Change Component Physical Designator: Old Designator=C?28 New Designator=C42
Change Component Physical Designator: Old Designator=C?29 New Designator=C43
Change Component Physical Designator: Old Designator=C?30 New Designator=C44
Change Component Physical Designator: Old Designator=C?31 New Designator=C45
Change Component Physical Designator: Old Designator=C?32 New Designator=C46
Change Component Physical Designator: Old Designator=C?33 New Designator=C47
Change Component Physical Designator: Old Designator=C?34 New Designator=C48
Change Component Physical Designator: Old Designator=C?35 New Designator=C49
Change Component Physical Designator: Old Designator=C?36 New Designator=C50
Change Component Physical Designator: Old Designator=C?37 New Designator=C51
Change Component Physical Designator: Old Designator=C?38 New Designator=C52
Change Component Physical Designator: Old Designator=C?39 New Designator=C53
Change Component Physical Designator: Old Designator=C?40 New Designator=C54
Change Component Physical Designator: Old Designator=C?41 New Designator=C55
Change Component Physical Designator: Old Designator=C?42 New Designator=C56
Change Component Physical Designator: Old Designator=C?43 New Designator=C57
Change Component Physical Designator: Old Designator=C?44 New Designator=C58
Change Component Physical Designator: Old Designator=C?45 New Designator=C59
Change Component Physical Designator: Old Designator=C?46 New Designator=C60
Change Component Physical Designator: Old Designator=C?47 New Designator=C61
Change Component Physical Designator: Old Designator=C?48 New Designator=C62
Change Component Physical Designator: Old Designator=C?49 New Designator=C63
Change Component Physical Designator: Old Designator=C?50 New Designator=C64
Change Component Physical Designator: Old Designator=C?51 New Designator=C65
Change Component Physical Designator: Old Designator=C?52 New Designator=C66
Change Component Physical Designator: Old Designator=C?53 New Designator=C67
Change Component Physical Designator: Old Designator=C?54 New Designator=C68
Change Component Physical Designator: Old Designator=C?55 New Designator=C69
Change Component Physical Designator: Old Designator=C?56 New Designator=C70
Change Component Physical Designator: Old Designator=C?57 New Designator=C71
Change Component Physical Designator: Old Designator=C?58 New Designator=C72
Change Component Physical Designator: Old Designator=C?59 New Designator=C73
Change Component Physical Designator: Old Designator=C?60 New Designator=C74
Change Component Physical Designator: Old Designator=C?61 New Designator=C75
Change Component Physical Designator: Old Designator=C?62 New Designator=C76
Change Component Physical Designator: Old Designator=C?63 New Designator=C77
Change Component Physical Designator: Old Designator=C?64 New Designator=C78
Change Component Physical Designator: Old Designator=C?65 New Designator=C79
Change Component Physical Designator: Old Designator=C?66 New Designator=C80
Change Component Physical Designator: Old Designator=C?67 New Designator=C81
Change Component Physical Designator: Old Designator=C?68 New Designator=C82
Change Component Physical Designator: Old Designator=C?69 New Designator=C83
Change Component Physical Designator: Old Designator=C?70 New Designator=C84
Change Component Physical Designator: Old Designator=C?71 New Designator=C85
Change Component Physical Designator: Old Designator=C?72 New Designator=C86
Change Component Physical Designator: Old Designator=C?73 New Designator=C87
Change Component Physical Designator: Old Designator=C?74 New Designator=C88
Change Component Physical Designator: Old Designator=C?75 New Designator=C89
Change Component Physical Designator: Old Designator=C?76 New Designator=C90
Change Component Physical Designator: Old Designator=C?77 New Designator=C91
Change Component Physical Designator: Old Designator=C?78 New Designator=C92
Change Component Physical Designator: Old Designator=C?79 New Designator=C93
Change Component Physical Designator: Old Designator=C?80 New Designator=C94
Change Component Physical Designator: Old Designator=C?81 New Designator=C95
Change Component Physical Designator: Old Designator=C?82 New Designator=C96
Change Component Physical Designator: Old Designator=C?83 New Designator=C97
Change Component Physical Designator: Old Designator=C?84 New Designator=C98
Change Component Physical Designator: Old Designator=C?85 New Designator=C99
Change Component Physical Designator: Old Designator=DA?1 New Designator=DA1
Change Component Physical Designator: Old Designator=DA?2 New Designator=DA2
Change Component Physical Designator: Old Designator=DA?3 New Designator=DA3
Change Component Physical Designator: Old Designator=DA?4 New Designator=DA4
Change Component Physical Designator: Old Designator=DA?5 New Designator=DA5
Change Component Physical Designator: Old Designator=DA?6 New Designator=DA6
Change Component Physical Designator: Old Designator=DA?7 New Designator=DA7
Change Component Physical Designator: Old Designator=DA?8 New Designator=DA8
Change Component Physical Designator: Old Designator=DA?9 New Designator=DA9
Change Component Physical Designator: Old Designator=DA?10 New Designator=DA10
Change Component Physical Designator: Old Designator=DA?11 New Designator=DA11
Change Component Physical Designator: Old Designator=DA?12 New Designator=DA12
Change Component Physical Designator: Old Designator=DA?13 New Designator=DA13
Change Component Physical Designator: Old Designator=DA?14 New Designator=DA14
Change Component Physical Designator: Old Designator=DA?15 New Designator=DA15
Change Component Physical Designator: Old Designator=DD?1 New Designator=DD1
Change Component Physical Designator: Old Designator=DD?2 New Designator=DD2
Change Component Physical Designator: Old Designator=DD?3 New Designator=DD3
Change Component Physical Designator: Old Designator=DD?4 New Designator=DD4
Change Component Physical Designator: Old Designator=DD?5 New Designator=DD5
Change Component Physical Designator: Old Designator=DD?6 New Designator=DD6
Change Component Physical Designator: Old Designator=FU?1 New Designator=FU1
Change Component Physical Designator: Old Designator=FU?2 New Designator=FU2
Change Component Physical Designator: Old Designator=FU?3 New Designator=FU3
Change Component Physical Designator: Old Designator=L?1 New Designator=L1
Change Component Physical Designator: Old Designator=L?2 New Designator=L2
Change Component Physical Designator: Old Designator=L?3 New Designator=L3
Change Component Physical Designator: Old Designator=L?4 New Designator=L4
Change Component Physical Designator: Old Designator=L?5 New Designator=L5
Change Component Physical Designator: Old Designator=L?6 New Designator=L6
Change Component Physical Designator: Old Designator=Q?1 New Designator=Q1
Change Component Physical Designator: Old Designator=Q?2 New Designator=Q2
Change Component Physical Designator: Old Designator=Q?3 New Designator=Q3
Change Component Physical Designator: Old Designator=Q?4 New Designator=Q4
Change Component Physical Designator: Old Designator=Q?5 New Designator=Q5
Change Component Physical Designator: Old Designator=Q?6 New Designator=Q6
Change Component Physical Designator: Old Designator=Q?7 New Designator=Q7
Change Component Physical Designator: Old Designator=R?1 New Designator=R1
Change Component Physical Designator: Old Designator=R?2 New Designator=R2
Change Component Physical Designator: Old Designator=R?3 New Designator=R3
Change Component Physical Designator: Old Designator=R?4 New Designator=R4
Change Component Physical Designator: Old Designator=R?5 New Designator=R5
Change Component Physical Designator: Old Designator=R?6 New Designator=R6
Change Component Physical Designator: Old Designator=R?7 New Designator=R7
Change Component Physical Designator: Old Designator=R?8 New Designator=R8
Change Component Physical Designator: Old Designator=R?9 New Designator=R9
Change Component Physical Designator: Old Designator=R?10 New Designator=R10
Change Component Physical Designator: Old Designator=R?11 New Designator=R11
Change Component Physical Designator: Old Designator=R?12 New Designator=R12
Change Component Physical Designator: Old Designator=R?13 New Designator=R13
Change Component Physical Designator: Old Designator=R?14 New Designator=R14
Change Component Physical Designator: Old Designator=R?15 New Designator=R15
Change Component Physical Designator: Old Designator=R?16 New Designator=R16
Change Component Physical Designator: Old Designator=R?17 New Designator=R17
Change Component Physical Designator: Old Designator=R?18 New Designator=R18
Change Component Physical Designator: Old Designator=R?19 New Designator=R19
Change Component Physical Designator: Old Designator=R?20 New Designator=R20
Change Component Physical Designator: Old Designator=R?21 New Designator=R21
Change Component Physical Designator: Old Designator=R?22 New Designator=R22
Change Component Physical Designator: Old Designator=R?23 New Designator=R23
Change Component Physical Designator: Old Designator=R?24 New Designator=R24
Change Component Physical Designator: Old Designator=R?25 New Designator=R25
Change Component Physical Designator: Old Designator=R?26 New Designator=R26
Change Component Physical Designator: Old Designator=R?27 New Designator=R27
Change Component Physical Designator: Old Designator=R?28 New Designator=R28
Change Component Physical Designator: Old Designator=R?29 New Designator=R29
Change Component Physical Designator: Old Designator=R?30 New Designator=R30
Change Component Physical Designator: Old Designator=R?31 New Designator=R31
Change Component Physical Designator: Old Designator=R?32 New Designator=R32
Change Component Physical Designator: Old Designator=R?33 New Designator=R33
Change Component Physical Designator: Old Designator=R?34 New Designator=R34
Change Component Physical Designator: Old Designator=R?35 New Designator=R35
Change Component Physical Designator: Old Designator=R?36 New Designator=R36
Change Component Physical Designator: Old Designator=R?37 New Designator=R37
Change Component Physical Designator: Old Designator=R?38 New Designator=R38
Change Component Physical Designator: Old Designator=R?39 New Designator=R39
Change Component Physical Designator: Old Designator=R?40 New Designator=R40
Change Component Physical Designator: Old Designator=R?41 New Designator=R41
Change Component Physical Designator: Old Designator=R?42 New Designator=R42
Change Component Physical Designator: Old Designator=R?43 New Designator=R43
Change Component Physical Designator: Old Designator=R?44 New Designator=R44
Change Component Physical Designator: Old Designator=R?45 New Designator=R45
Change Component Physical Designator: Old Designator=R?46 New Designator=R46
Change Component Physical Designator: Old Designator=R?47 New Designator=R47
Change Component Physical Designator: Old Designator=R?48 New Designator=R48
Change Component Physical Designator: Old Designator=R?49 New Designator=R49
Change Component Physical Designator: Old Designator=R?50 New Designator=R50
Change Component Physical Designator: Old Designator=R?51 New Designator=R51
Change Component Physical Designator: Old Designator=R?52 New Designator=R52
Change Component Physical Designator: Old Designator=R?53 New Designator=R53
Change Component Physical Designator: Old Designator=R?54 New Designator=R54
Change Component Physical Designator: Old Designator=R?55 New Designator=R55
Change Component Physical Designator: Old Designator=R?56 New Designator=R56
Change Component Physical Designator: Old Designator=R?57 New Designator=R57
Change Component Physical Designator: Old Designator=R?58 New Designator=R58
Change Component Physical Designator: Old Designator=R?59 New Designator=R59
Change Component Physical Designator: Old Designator=R?60 New Designator=R60
Change Component Physical Designator: Old Designator=R?61 New Designator=R61
Change Component Physical Designator: Old Designator=R?62 New Designator=R62
Change Component Physical Designator: Old Designator=R?63 New Designator=R63
Change Component Physical Designator: Old Designator=R?64 New Designator=R64
Change Component Physical Designator: Old Designator=R?65 New Designator=R65
Change Component Physical Designator: Old Designator=R?66 New Designator=R66
Change Component Physical Designator: Old Designator=R?67 New Designator=R67
Change Component Physical Designator: Old Designator=R?68 New Designator=R68
Change Component Physical Designator: Old Designator=R?69 New Designator=R69
Change Component Physical Designator: Old Designator=R?70 New Designator=R70
Change Component Physical Designator: Old Designator=R?71 New Designator=R71
Change Component Physical Designator: Old Designator=R?72 New Designator=R72
Change Component Physical Designator: Old Designator=R?73 New Designator=R73
Change Component Physical Designator: Old Designator=R?74 New Designator=R74
Change Component Physical Designator: Old Designator=R?75 New Designator=R75
Change Component Physical Designator: Old Designator=R?76 New Designator=R76
Change Component Physical Designator: Old Designator=R?77 New Designator=R77
Change Component Physical Designator: Old Designator=R?78 New Designator=R78
Change Component Physical Designator: Old Designator=R?79 New Designator=R79
Change Component Physical Designator: Old Designator=R?80 New Designator=R80
Change Component Physical Designator: Old Designator=R?81 New Designator=R81
Change Component Physical Designator: Old Designator=R?82 New Designator=R82
Change Component Physical Designator: Old Designator=R?83 New Designator=R83
Change Component Physical Designator: Old Designator=R?84 New Designator=R84
Change Component Physical Designator: Old Designator=R?85 New Designator=R85
Change Component Physical Designator: Old Designator=R?86 New Designator=R86
Change Component Physical Designator: Old Designator=R?87 New Designator=R87
Change Component Physical Designator: Old Designator=R?88 New Designator=R88
Change Component Physical Designator: Old Designator=R?89 New Designator=R89
Change Component Physical Designator: Old Designator=R?90 New Designator=R90
Change Component Physical Designator: Old Designator=R?91 New Designator=R91
Change Component Physical Designator: Old Designator=R?92 New Designator=R92
Change Component Physical Designator: Old Designator=R?93 New Designator=R93
Change Component Physical Designator: Old Designator=R?94 New Designator=R94
Change Component Physical Designator: Old Designator=R?95 New Designator=R99
Change Component Physical Designator: Old Designator=R?95 New Designator=R102
Change Component Physical Designator: Old Designator=R?95 New Designator=R96
Change Component Physical Designator: Old Designator=R?95 New Designator=R98
Change Component Physical Designator: Old Designator=R?96 New Designator=R97
Change Component Physical Designator: Old Designator=R?96 New Designator=R97
Change Component Physical Designator: Old Designator=R?96 New Designator=R97
Change Component Physical Designator: Old Designator=R?96 New Designator=R104
Change Component Physical Designator: Old Designator=R?97 New Designator=R101
Change Component Physical Designator: Old Designator=R?97 New Designator=R100
Change Component Physical Designator: Old Designator=R?97 New Designator=R100
Change Component Physical Designator: Old Designator=R?97 New Designator=R100
Change Component Physical Designator: Old Designator=R?98 New Designator=R95
Change Component Physical Designator: Old Designator=R?98 New Designator=R95
Change Component Physical Designator: Old Designator=R?98 New Designator=R103
Change Component Physical Designator: Old Designator=R?98 New Designator=R95
Change Component Physical Designator: Old Designator=R?99 New Designator=R105
Change Component Physical Designator: Old Designator=R?100 New Designator=R106
Change Component Physical Designator: Old Designator=R?101 New Designator=R107
Change Component Physical Designator: Old Designator=R?102 New Designator=R108
Change Component Physical Designator: Old Designator=R?103 New Designator=R109
Change Component Physical Designator: Old Designator=R?104 New Designator=R110
Change Component Physical Designator: Old Designator=R?105 New Designator=R111
Change Component Physical Designator: Old Designator=R?106 New Designator=R112
Change Component Physical Designator: Old Designator=R?107 New Designator=R113
Change Component Physical Designator: Old Designator=R?108 New Designator=R114
Change Component Physical Designator: Old Designator=R?109 New Designator=R115
Change Component Physical Designator: Old Designator=R?110 New Designator=R116
Change Component Physical Designator: Old Designator=R?111 New Designator=R117
Change Component Physical Designator: Old Designator=R?112 New Designator=R118
Change Component Physical Designator: Old Designator=R?113 New Designator=R119
Change Component Physical Designator: Old Designator=R?114 New Designator=R120
Change Component Physical Designator: Old Designator=R?115 New Designator=R121
Change Component Physical Designator: Old Designator=R?116 New Designator=R122
Change Component Physical Designator: Old Designator=R?117 New Designator=R123
Change Component Physical Designator: Old Designator=R?118 New Designator=R124
Change Component Physical Designator: Old Designator=U?1 New Designator=U1
Change Component Physical Designator: Old Designator=U?2 New Designator=U2
Change Component Physical Designator: Old Designator=U?3 New Designator=U3
Change Component Physical Designator: Old Designator=U?4 New Designator=U4
Change Component Physical Designator: Old Designator=VD?1 New Designator=VD1
Change Component Physical Designator: Old Designator=VD?2 New Designator=VD2
Change Component Physical Designator: Old Designator=VD?3 New Designator=VD3
Change Component Physical Designator: Old Designator=VD?4 New Designator=VD4
Change Component Physical Designator: Old Designator=VD?4 New Designator=VD4
Change Component Physical Designator: Old Designator=VD?5 New Designator=VD5
Change Component Physical Designator: Old Designator=VD?6 New Designator=VD6
Change Component Physical Designator: Old Designator=VD?7 New Designator=VD7
Change Component Physical Designator: Old Designator=VD?8 New Designator=VD8
Change Component Physical Designator: Old Designator=VD?8 New Designator=VD8
Change Component Physical Designator: Old Designator=VD?9 New Designator=VD9
Change Component Physical Designator: Old Designator=VD?10 New Designator=VD10
Change Component Physical Designator: Old Designator=VD?11 New Designator=VD11
Change Component Physical Designator: Old Designator=VD?12 New Designator=VD12
Change Component Physical Designator: Old Designator=VD?13 New Designator=VD13
Change Component Physical Designator: Old Designator=VD?14 New Designator=VD14
Change Component Physical Designator: Old Designator=VD?15 New Designator=VD15
Change Component Physical Designator: Old Designator=VD?16 New Designator=VD16
Change Component Physical Designator: Old Designator=VD?17 New Designator=VD17
Change Component Physical Designator: Old Designator=VD?18 New Designator=VD18
Change Component Physical Designator: Old Designator=VD?19 New Designator=VD19
Change Component Physical Designator: Old Designator=VD?20 New Designator=VD20
Change Component Physical Designator: Old Designator=VD?21 New Designator=VD21
Change Component Physical Designator: Old Designator=VD?22 New Designator=VD22
Change Component Physical Designator: Old Designator=VD?23 New Designator=VD23
Change Component Physical Designator: Old Designator=VD?24 New Designator=VD24
Change Component Physical Designator: Old Designator=VD?25 New Designator=VD27
Change Component Physical Designator: Old Designator=VD?25 New Designator=VD27
Change Component Physical Designator: Old Designator=VD?26 New Designator=VD28
Change Component Physical Designator: Old Designator=VD?26 New Designator=VD26
Change Component Physical Designator: Old Designator=VD?27 New Designator=VD30
Change Component Physical Designator: Old Designator=VD?27 New Designator=VD29
Change Component Physical Designator: Old Designator=VD?28 New Designator=VD25
Change Component Physical Designator: Old Designator=VD?28 New Designator=VD31
Change Component Physical Designator: Old Designator=VD?29 New Designator=VD35
Change Component Physical Designator: Old Designator=VD?29 New Designator=VD32
Change Component Physical Designator: Old Designator=VD?30 New Designator=VD33
Change Component Physical Designator: Old Designator=VD?30 New Designator=VD36
Change Component Physical Designator: Old Designator=VD?31 New Designator=VD37
Change Component Physical Designator: Old Designator=VD?31 New Designator=VD34
Change Component Physical Designator: Old Designator=VD?32 New Designator=VD38
Change Component Physical Designator: Old Designator=VD?32 New Designator=VD38
Change Component Physical Designator: Old Designator=VD?33 New Designator=VD39
Change Component Physical Designator: Old Designator=VD?34 New Designator=VD40
Change Component Physical Designator: Old Designator=VD?35 New Designator=VD41
Change Component Physical Designator: Old Designator=VD?36 New Designator=VD42
Change Component Physical Designator: Old Designator=VD?37 New Designator=VD43
Change Component Physical Designator: Old Designator=VD?38 New Designator=VD44
Change Component Physical Designator: Old Designator=VD?39 New Designator=VD45
Change Component Physical Designator: Old Designator=VD?40 New Designator=VD46
Change Component Physical Designator: Old Designator=VD?41 New Designator=VD47
Change Component Physical Designator: Old Designator=VD?42 New Designator=VD48
Change Component Physical Designator: Old Designator=VT?1 New Designator=VT1
Change Component Physical Designator: Old Designator=X?1 New Designator=X1
Change Component Physical Designator: Old Designator=X?2 New Designator=X2
Change Component Physical Designator: Old Designator=X?3 New Designator=X3
Change Component Physical Designator: Old Designator=X?4 New Designator=X4
Change Component Physical Designator: Old Designator=X?5 New Designator=X5
Change Component Physical Designator: Old Designator=X?6 New Designator=X6
Change Component Physical Designator: Old Designator=X?7 New Designator=X7
Change Component Physical Designator: Old Designator=X?8 New Designator=X8
Change Component Physical Designator: Old Designator=X?9 New Designator=X9
Change Component Physical Designator: Old Designator=X?10 New Designator=X10
Change Component Physical Designator: Old Designator=X?11 New Designator=X11
Change Component Physical Designator: Old Designator=X?12 New Designator=X12
Change Component Physical Designator: Old Designator=X?13 New Designator=X13
Change Component Physical Designator: Old Designator=X?14 New Designator=X14
Change Component Physical Designator: Old Designator=X?15 New Designator=X15
Change Component Physical Designator: Old Designator=ZL?1 New Designator=ZL1
Change Component Physical Designator: Old Designator=ZL?2 New Designator=ZL2
Change Component Physical Designator: Old Designator=ZQ?1 New Designator=ZQ1
Change Component Physical Designator: Old Designator=ZQ?2 New Designator=ZQ2
