Change Component Designator: Old Designator=C? New Designator=C34
Change Component Designator: Old Designator=C? New Designator=C35
Change Component Designator: Old Designator=DA? New Designator=DA6
Change Component Designator: Old Designator=DA? New Designator=DA7
Change Component Designator: Old Designator=FU? New Designator=FU2
Change Component Designator: Old Designator=FU? New Designator=FU3
Change Component Designator: Old Designator=Q? New Designator=Q2
Change Component Designator: Old Designator=Q? New Designator=Q3
Change Component Designator: Old Designator=R? New Designator=R31
Change Component Designator: Old Designator=R? New Designator=R32
Change Component Designator: Old Designator=R? New Designator=R33
Change Component Designator: Old Designator=R? New Designator=R34
Change Component Designator: Old Designator=R? New Designator=R35
Change Component Designator: Old Designator=R? New Designator=R36
Change Component Designator: Old Designator=VD? New Designator=VD9
Change Component Designator: Old Designator=VD? New Designator=VD10
Change Component Designator: Old Designator=VD? New Designator=VD11
Change Component Designator: Old Designator=VD? New Designator=VD12
Change Component Designator: Old Designator=VD? New Designator=VD13
Change Component Designator: Old Designator=VD? New Designator=VD14
