Removed Pin From Net: NetName=in1_2 Pin=X4-2
Removed Pin From Net: NetName=in1_3 Pin=X4-3
Removed Pin From Net: NetName=in1_4 Pin=X4-4
Removed Pin From Net: NetName=in2_1 Pin=X5-1
Removed Pin From Net: NetName=in2_2 Pin=X5-2
Removed Pin From Net: NetName=in2_3 Pin=X5-3
Removed Member From Class: ClassName=1out1_[1..4] Member=2out1_1
Removed Member From Class: ClassName=in[1..8] Member=2out1_1
Removed Member From Class: ClassName=1out1_[1..4] Member=2out1_2
Removed Member From Class: ClassName=in[1..8] Member=2out1_2
Removed Member From Class: ClassName=1out2_[1..4] Member=2out2_1
Removed Member From Class: ClassName=in[1..8] Member=2out2_1
Removed Member From Class: ClassName=1out2_[1..4] Member=2out2_2
Removed Member From Class: ClassName=in[1..8] Member=2out2_2
Removed Member From Class: ClassName=1out2_[1..4] Member=2out2_3
Removed Member From Class: ClassName=in[1..8] Member=2out2_3
Added Pin To Net: NetName=in2_1 Pin=X4-2
Added Pin To Net: NetName=in1_2 Pin=X4-3
Added Pin To Net: NetName=in2_2 Pin=X4-4
Added Pin To Net: NetName=in1_3 Pin=X5-1
Added Pin To Net: NetName=in2_3 Pin=X5-2
Added Pin To Net: NetName=in1_4 Pin=X5-3
Added Member To Class: ClassName=1out1_[1..4] Member=Element[0]: 1out1_
Added Member To Class: ClassName=in[1..8] Member=Element[0]: 1out1_
Added Member To Class: ClassName=1out1_[1..4] Member=Element[1]: 1out1_
Added Member To Class: ClassName=in[1..8] Member=Element[1]: 1out1_
Added Member To Class: ClassName=1out2_[1..4] Member=Element[0]: 1out2_
Added Member To Class: ClassName=in[1..8] Member=Element[0]: 1out2_
Added Member To Class: ClassName=1out2_[1..4] Member=Element[1]: 1out2_
Added Member To Class: ClassName=in[1..8] Member=Element[1]: 1out2_
Added Member To Class: ClassName=1out2_[1..4] Member=Element[2]: 1out2_
Added Member To Class: ClassName=in[1..8] Member=Element[2]: 1out2_
