Removed Pin From Net: NetName=NetR?98_1 Pin=R?98-1
Removed Pin From Net: NetName=GND Pin=VD?4-2
Removed Pin From Net: NetName=GND Pin=VD?8-2
Removed Pin From Net: NetName=GND Pin=VD?25-2
Removed Pin From Net: NetName=GND Pin=VD?32-2
Removed Member From Class: ClassName=U_485_1 Member=C?1
Removed Member From Class: ClassName=U_485_1 Member=C?2
Removed Member From Class: ClassName=U_485_1 Member=C?3
Removed Member From Class: ClassName=U_485_1 Member=C?4
Removed Member From Class: ClassName=U_485_2 Member=C?7
Removed Member From Class: ClassName=power Member=NetC5_1
Removed Member From Class: ClassName=power Member=NetC5_2
Removed Member From Class: ClassName=power Member=NetC12_1
Removed Member From Class: ClassName=power Member=NetC12_2
Change Component Designator: OldDesignator=C1 NewDesignator=C5
Change Component Designator: OldDesignator=C2 NewDesignator=C6
Change Component Designator: OldDesignator=C3 NewDesignator=C7
Change Component Designator: OldDesignator=C4 NewDesignator=C8
Change Component Designator: OldDesignator=C5 NewDesignator=C9
Change Component Designator: OldDesignator=C6 NewDesignator=C12
Change Component Designator: OldDesignator=C7 NewDesignator=C13
Change Component Designator: OldDesignator=C8 NewDesignator=C18
Change Component Designator: OldDesignator=C9 NewDesignator=C19
Change Component Designator: OldDesignator=C10 NewDesignator=C20
Change Component Designator: OldDesignator=C11 NewDesignator=C21
Change Component Designator: OldDesignator=C12 NewDesignator=C22
Change Component Designator: OldDesignator=C13 NewDesignator=C25
Change Component Designator: OldDesignator=C14 NewDesignator=C26
Change Component Designator: OldDesignator=C?1 NewDesignator=C1
Change Component Designator: OldDesignator=C?2 NewDesignator=C2
Change Component Designator: OldDesignator=C?3 NewDesignator=C3
Change Component Designator: OldDesignator=C?4 NewDesignator=C4
Change Component Designator: OldDesignator=C?5 NewDesignator=C10
Change Component Designator: OldDesignator=C?6 NewDesignator=C11
Change Component Designator: OldDesignator=C?7 NewDesignator=C14
Change Component Designator: OldDesignator=C?8 NewDesignator=C15
Change Component Designator: OldDesignator=C?9 NewDesignator=C16
Change Component Designator: OldDesignator=C?10 NewDesignator=C17
Change Component Designator: OldDesignator=C?11 NewDesignator=C23
Change Component Designator: OldDesignator=C?12 NewDesignator=C24
Change Component Designator: OldDesignator=C?13 NewDesignator=C27
Change Component Designator: OldDesignator=C?14 NewDesignator=C28
Change Component Designator: OldDesignator=C?15 NewDesignator=C29
Change Component Designator: OldDesignator=C?16 NewDesignator=C30
Change Component Designator: OldDesignator=C?17 NewDesignator=C31
Change Component Designator: OldDesignator=C?18 NewDesignator=C32
Change Component Designator: OldDesignator=C?19 NewDesignator=C33
Change Component Designator: OldDesignator=C?20 NewDesignator=C34
Change Component Designator: OldDesignator=C?21 NewDesignator=C35
Change Component Designator: OldDesignator=C?22 NewDesignator=C36
Change Component Designator: OldDesignator=C?23 NewDesignator=C37
Change Component Designator: OldDesignator=C?24 NewDesignator=C38
Change Component Designator: OldDesignator=C?25 NewDesignator=C39
Change Component Designator: OldDesignator=C?26 NewDesignator=C40
Change Component Designator: OldDesignator=C?27 NewDesignator=C41
Change Component Designator: OldDesignator=C?28 NewDesignator=C42
Change Component Designator: OldDesignator=C?29 NewDesignator=C43
Change Component Designator: OldDesignator=C?30 NewDesignator=C44
Change Component Designator: OldDesignator=C?31 NewDesignator=C45
Change Component Designator: OldDesignator=C?32 NewDesignator=C46
Change Component Designator: OldDesignator=C?33 NewDesignator=C47
Change Component Designator: OldDesignator=C?34 NewDesignator=C48
Change Component Designator: OldDesignator=C?35 NewDesignator=C49
Change Component Designator: OldDesignator=C?36 NewDesignator=C50
Change Component Designator: OldDesignator=C?37 NewDesignator=C51
Change Component Designator: OldDesignator=C?38 NewDesignator=C52
Change Component Designator: OldDesignator=C?39 NewDesignator=C53
Change Component Designator: OldDesignator=C?40 NewDesignator=C54
Change Component Designator: OldDesignator=C?41 NewDesignator=C55
Change Component Designator: OldDesignator=C?42 NewDesignator=C56
Change Component Designator: OldDesignator=C?43 NewDesignator=C57
Change Component Designator: OldDesignator=C?44 NewDesignator=C58
Change Component Designator: OldDesignator=C?45 NewDesignator=C59
Change Component Designator: OldDesignator=C?46 NewDesignator=C60
Change Component Designator: OldDesignator=C?47 NewDesignator=C61
Change Component Designator: OldDesignator=C?48 NewDesignator=C62
Change Component Designator: OldDesignator=C?49 NewDesignator=C63
Change Component Designator: OldDesignator=C?50 NewDesignator=C64
Change Component Designator: OldDesignator=C?51 NewDesignator=C65
Change Component Designator: OldDesignator=C?52 NewDesignator=C66
Change Component Designator: OldDesignator=C?53 NewDesignator=C67
Change Component Designator: OldDesignator=C?54 NewDesignator=C68
Change Component Designator: OldDesignator=C?55 NewDesignator=C69
Change Component Designator: OldDesignator=C?56 NewDesignator=C70
Change Component Designator: OldDesignator=C?57 NewDesignator=C71
Change Component Designator: OldDesignator=C?58 NewDesignator=C72
Change Component Designator: OldDesignator=C?59 NewDesignator=C73
Change Component Designator: OldDesignator=C?60 NewDesignator=C74
Change Component Designator: OldDesignator=C?61 NewDesignator=C75
Change Component Designator: OldDesignator=C?62 NewDesignator=C76
Change Component Designator: OldDesignator=C?63 NewDesignator=C77
Change Component Designator: OldDesignator=C?64 NewDesignator=C78
Change Component Designator: OldDesignator=C?65 NewDesignator=C79
Change Component Designator: OldDesignator=C?66 NewDesignator=C80
Change Component Designator: OldDesignator=C?67 NewDesignator=C81
Change Component Designator: OldDesignator=C?68 NewDesignator=C82
Change Component Designator: OldDesignator=C?69 NewDesignator=C83
Change Component Designator: OldDesignator=C?70 NewDesignator=C84
Change Component Designator: OldDesignator=C?71 NewDesignator=C85
Change Component Designator: OldDesignator=C?72 NewDesignator=C86
Change Component Designator: OldDesignator=C?73 NewDesignator=C87
Change Component Designator: OldDesignator=C?74 NewDesignator=C88
Change Component Designator: OldDesignator=C?75 NewDesignator=C89
Change Component Designator: OldDesignator=C?76 NewDesignator=C90
Change Component Designator: OldDesignator=C?77 NewDesignator=C91
Change Component Designator: OldDesignator=C?78 NewDesignator=C92
Change Component Designator: OldDesignator=C?79 NewDesignator=C93
Change Component Designator: OldDesignator=C?80 NewDesignator=C94
Change Component Designator: OldDesignator=C?81 NewDesignator=C95
Change Component Designator: OldDesignator=C?82 NewDesignator=C96
Change Component Designator: OldDesignator=C?83 NewDesignator=C97
Change Component Designator: OldDesignator=C?84 NewDesignator=C98
Change Component Designator: OldDesignator=C?85 NewDesignator=C99
Change Component Designator: OldDesignator=DA?1 NewDesignator=DA1
Change Component Designator: OldDesignator=DA?2 NewDesignator=DA2
Change Component Designator: OldDesignator=DA?3 NewDesignator=DA3
Change Component Designator: OldDesignator=DA?4 NewDesignator=DA4
Change Component Designator: OldDesignator=DA?5 NewDesignator=DA5
Change Component Designator: OldDesignator=DA?6 NewDesignator=DA6
Change Component Designator: OldDesignator=DA?7 NewDesignator=DA7
Change Component Designator: OldDesignator=DA?8 NewDesignator=DA8
Change Component Designator: OldDesignator=DA?9 NewDesignator=DA9
Change Component Designator: OldDesignator=DA?10 NewDesignator=DA10
Change Component Designator: OldDesignator=DA?11 NewDesignator=DA11
Change Component Designator: OldDesignator=DA?12 NewDesignator=DA12
Change Component Designator: OldDesignator=DA?13 NewDesignator=DA13
Change Component Designator: OldDesignator=DA?14 NewDesignator=DA14
Change Component Designator: OldDesignator=DA?15 NewDesignator=DA15
Change Component Designator: OldDesignator=DD?1 NewDesignator=DD1
Change Component Designator: OldDesignator=DD?2 NewDesignator=DD2
Change Component Designator: OldDesignator=DD?3 NewDesignator=DD3
Change Component Designator: OldDesignator=DD?4 NewDesignator=DD4
Change Component Designator: OldDesignator=DD?5 NewDesignator=DD5
Change Component Designator: OldDesignator=DD?6 NewDesignator=DD6
Change Component Designator: OldDesignator=FU?1 NewDesignator=FU1
Change Component Designator: OldDesignator=FU?2 NewDesignator=FU2
Change Component Designator: OldDesignator=FU?3 NewDesignator=FU3
Change Component Designator: OldDesignator=L?1 NewDesignator=L1
Change Component Designator: OldDesignator=L?2 NewDesignator=L2
Change Component Designator: OldDesignator=L?3 NewDesignator=L3
Change Component Designator: OldDesignator=L?4 NewDesignator=L4
Change Component Designator: OldDesignator=L?5 NewDesignator=L5
Change Component Designator: OldDesignator=L?6 NewDesignator=L6
Change Component Designator: OldDesignator=Q?1 NewDesignator=Q1
Change Component Designator: OldDesignator=Q?2 NewDesignator=Q2
Change Component Designator: OldDesignator=Q?3 NewDesignator=Q3
Change Component Designator: OldDesignator=Q?4 NewDesignator=Q4
Change Component Designator: OldDesignator=Q?5 NewDesignator=Q5
Change Component Designator: OldDesignator=Q?6 NewDesignator=Q6
Change Component Designator: OldDesignator=Q?7 NewDesignator=Q7
Change Component Designator: OldDesignator=R?1 NewDesignator=R1
Change Component Designator: OldDesignator=R?2 NewDesignator=R2
Change Component Designator: OldDesignator=R?3 NewDesignator=R3
Change Component Designator: OldDesignator=R?4 NewDesignator=R4
Change Component Designator: OldDesignator=R?5 NewDesignator=R5
Change Component Designator: OldDesignator=R?6 NewDesignator=R6
Change Component Designator: OldDesignator=R?7 NewDesignator=R7
Change Component Designator: OldDesignator=R?8 NewDesignator=R8
Change Component Designator: OldDesignator=R?9 NewDesignator=R9
Change Component Designator: OldDesignator=R?10 NewDesignator=R10
Change Component Designator: OldDesignator=R?11 NewDesignator=R11
Change Component Designator: OldDesignator=R?12 NewDesignator=R12
Change Component Designator: OldDesignator=R?13 NewDesignator=R13
Change Component Designator: OldDesignator=R?14 NewDesignator=R14
Change Component Designator: OldDesignator=R?15 NewDesignator=R15
Change Component Designator: OldDesignator=R?16 NewDesignator=R16
Change Component Designator: OldDesignator=R?17 NewDesignator=R17
Change Component Designator: OldDesignator=R?18 NewDesignator=R18
Change Component Designator: OldDesignator=R?19 NewDesignator=R19
Change Component Designator: OldDesignator=R?20 NewDesignator=R20
Change Component Designator: OldDesignator=R?21 NewDesignator=R21
Change Component Designator: OldDesignator=R?22 NewDesignator=R22
Change Component Designator: OldDesignator=R?23 NewDesignator=R23
Change Component Designator: OldDesignator=R?24 NewDesignator=R24
Change Component Designator: OldDesignator=R?25 NewDesignator=R25
Change Component Designator: OldDesignator=R?26 NewDesignator=R26
Change Component Designator: OldDesignator=R?27 NewDesignator=R27
Change Component Designator: OldDesignator=R?28 NewDesignator=R28
Change Component Designator: OldDesignator=R?29 NewDesignator=R29
Change Component Designator: OldDesignator=R?30 NewDesignator=R30
Change Component Designator: OldDesignator=R?31 NewDesignator=R31
Change Component Designator: OldDesignator=R?32 NewDesignator=R32
Change Component Designator: OldDesignator=R?33 NewDesignator=R33
Change Component Designator: OldDesignator=R?34 NewDesignator=R34
Change Component Designator: OldDesignator=R?35 NewDesignator=R35
Change Component Designator: OldDesignator=R?36 NewDesignator=R36
Change Component Designator: OldDesignator=R?37 NewDesignator=R37
Change Component Designator: OldDesignator=R?38 NewDesignator=R38
Change Component Designator: OldDesignator=R?39 NewDesignator=R39
Change Component Designator: OldDesignator=R?40 NewDesignator=R40
Change Component Designator: OldDesignator=R?41 NewDesignator=R41
Change Component Designator: OldDesignator=R?42 NewDesignator=R42
Change Component Designator: OldDesignator=R?43 NewDesignator=R43
Change Component Designator: OldDesignator=R?44 NewDesignator=R44
Change Component Designator: OldDesignator=R?45 NewDesignator=R45
Change Component Designator: OldDesignator=R?46 NewDesignator=R46
Change Component Designator: OldDesignator=R?47 NewDesignator=R47
Change Component Designator: OldDesignator=R?48 NewDesignator=R48
Change Component Designator: OldDesignator=R?49 NewDesignator=R49
Change Component Designator: OldDesignator=R?50 NewDesignator=R50
Change Component Designator: OldDesignator=R?51 NewDesignator=R51
Change Component Designator: OldDesignator=R?52 NewDesignator=R52
Change Component Designator: OldDesignator=R?53 NewDesignator=R53
Change Component Designator: OldDesignator=R?54 NewDesignator=R54
Change Component Designator: OldDesignator=R?55 NewDesignator=R55
Change Component Designator: OldDesignator=R?56 NewDesignator=R56
Change Component Designator: OldDesignator=R?57 NewDesignator=R57
Change Component Designator: OldDesignator=R?58 NewDesignator=R58
Change Component Designator: OldDesignator=R?59 NewDesignator=R59
Change Component Designator: OldDesignator=R?60 NewDesignator=R60
Change Component Designator: OldDesignator=R?61 NewDesignator=R61
Change Component Designator: OldDesignator=R?62 NewDesignator=R62
Change Component Designator: OldDesignator=R?63 NewDesignator=R63
Change Component Designator: OldDesignator=R?64 NewDesignator=R64
Change Component Designator: OldDesignator=R?65 NewDesignator=R65
Change Component Designator: OldDesignator=R?66 NewDesignator=R66
Change Component Designator: OldDesignator=R?67 NewDesignator=R67
Change Component Designator: OldDesignator=R?68 NewDesignator=R68
Change Component Designator: OldDesignator=R?69 NewDesignator=R69
Change Component Designator: OldDesignator=R?70 NewDesignator=R70
Change Component Designator: OldDesignator=R?71 NewDesignator=R71
Change Component Designator: OldDesignator=R?72 NewDesignator=R72
Change Component Designator: OldDesignator=R?73 NewDesignator=R73
Change Component Designator: OldDesignator=R?74 NewDesignator=R74
Change Component Designator: OldDesignator=R?75 NewDesignator=R75
Change Component Designator: OldDesignator=R?76 NewDesignator=R76
Change Component Designator: OldDesignator=R?77 NewDesignator=R77
Change Component Designator: OldDesignator=R?78 NewDesignator=R78
Change Component Designator: OldDesignator=R?79 NewDesignator=R79
Change Component Designator: OldDesignator=R?80 NewDesignator=R80
Change Component Designator: OldDesignator=R?81 NewDesignator=R81
Change Component Designator: OldDesignator=R?82 NewDesignator=R82
Change Component Designator: OldDesignator=R?83 NewDesignator=R83
Change Component Designator: OldDesignator=R?84 NewDesignator=R84
Change Component Designator: OldDesignator=R?85 NewDesignator=R85
Change Component Designator: OldDesignator=R?86 NewDesignator=R86
Change Component Designator: OldDesignator=R?87 NewDesignator=R87
Change Component Designator: OldDesignator=R?88 NewDesignator=R88
Change Component Designator: OldDesignator=R?89 NewDesignator=R89
Change Component Designator: OldDesignator=R?90 NewDesignator=R90
Change Component Designator: OldDesignator=R?91 NewDesignator=R91
Change Component Designator: OldDesignator=R?92 NewDesignator=R92
Change Component Designator: OldDesignator=R?93 NewDesignator=R93
Change Component Designator: OldDesignator=R?94 NewDesignator=R94
Change Component Designator: OldDesignator=R?95 NewDesignator=R96
Change Component Designator: OldDesignator=R?95 NewDesignator=R98
Change Component Designator: OldDesignator=R?95 NewDesignator=R99
Change Component Designator: OldDesignator=R?95 NewDesignator=R102
Change Component Designator: OldDesignator=R?96 NewDesignator=R97
Change Component Designator: OldDesignator=R?96 NewDesignator=R104
Change Component Designator: OldDesignator=R?97 NewDesignator=R100
Change Component Designator: OldDesignator=R?97 NewDesignator=R101
Change Component Designator: OldDesignator=R?98 NewDesignator=R95
Change Component Designator: OldDesignator=R?98 NewDesignator=R103
Change Component Designator: OldDesignator=R?99 NewDesignator=R105
Change Component Designator: OldDesignator=R?100 NewDesignator=R106
Change Component Designator: OldDesignator=R?101 NewDesignator=R107
Change Component Designator: OldDesignator=R?102 NewDesignator=R108
Change Component Designator: OldDesignator=R?103 NewDesignator=R109
Change Component Designator: OldDesignator=R?104 NewDesignator=R110
Change Component Designator: OldDesignator=R?105 NewDesignator=R111
Change Component Designator: OldDesignator=R?106 NewDesignator=R112
Change Component Designator: OldDesignator=R?107 NewDesignator=R113
Change Component Designator: OldDesignator=R?108 NewDesignator=R114
Change Component Designator: OldDesignator=R?109 NewDesignator=R115
Change Component Designator: OldDesignator=R?110 NewDesignator=R116
Change Component Designator: OldDesignator=R?111 NewDesignator=R117
Change Component Designator: OldDesignator=R?112 NewDesignator=R118
Change Component Designator: OldDesignator=R?113 NewDesignator=R119
Change Component Designator: OldDesignator=R?114 NewDesignator=R120
Change Component Designator: OldDesignator=R?115 NewDesignator=R121
Change Component Designator: OldDesignator=R?116 NewDesignator=R122
Change Component Designator: OldDesignator=R?117 NewDesignator=R123
Change Component Designator: OldDesignator=R?118 NewDesignator=R124
Change Component Designator: OldDesignator=U?1 NewDesignator=U1
Change Component Designator: OldDesignator=U?2 NewDesignator=U2
Change Component Designator: OldDesignator=U?3 NewDesignator=U3
Change Component Designator: OldDesignator=U?4 NewDesignator=U4
Change Component Designator: OldDesignator=VD?1 NewDesignator=VD1
Change Component Designator: OldDesignator=VD?2 NewDesignator=VD2
Change Component Designator: OldDesignator=VD?3 NewDesignator=VD3
Change Component Designator: OldDesignator=VD?4 NewDesignator=VD4
Change Component Designator: OldDesignator=VD?5 NewDesignator=VD5
Change Component Designator: OldDesignator=VD?6 NewDesignator=VD6
Change Component Designator: OldDesignator=VD?7 NewDesignator=VD7
Change Component Designator: OldDesignator=VD?8 NewDesignator=VD8
Change Component Designator: OldDesignator=VD?9 NewDesignator=VD9
Change Component Designator: OldDesignator=VD?10 NewDesignator=VD10
Change Component Designator: OldDesignator=VD?11 NewDesignator=VD11
Change Component Designator: OldDesignator=VD?12 NewDesignator=VD12
Change Component Designator: OldDesignator=VD?13 NewDesignator=VD13
Change Component Designator: OldDesignator=VD?14 NewDesignator=VD14
Change Component Designator: OldDesignator=VD?15 NewDesignator=VD15
Change Component Designator: OldDesignator=VD?16 NewDesignator=VD16
Change Component Designator: OldDesignator=VD?17 NewDesignator=VD17
Change Component Designator: OldDesignator=VD?18 NewDesignator=VD18
Change Component Designator: OldDesignator=VD?19 NewDesignator=VD19
Change Component Designator: OldDesignator=VD?20 NewDesignator=VD20
Change Component Designator: OldDesignator=VD?21 NewDesignator=VD21
Change Component Designator: OldDesignator=VD?22 NewDesignator=VD22
Change Component Designator: OldDesignator=VD?23 NewDesignator=VD23
Change Component Designator: OldDesignator=VD?24 NewDesignator=VD24
Change Component Designator: OldDesignator=VD?25 NewDesignator=VD27
Change Component Designator: OldDesignator=VD?26 NewDesignator=VD26
Change Component Designator: OldDesignator=VD?26 NewDesignator=VD28
Change Component Designator: OldDesignator=VD?27 NewDesignator=VD29
Change Component Designator: OldDesignator=VD?27 NewDesignator=VD30
Change Component Designator: OldDesignator=VD?28 NewDesignator=VD25
Change Component Designator: OldDesignator=VD?28 NewDesignator=VD31
Change Component Designator: OldDesignator=VD?29 NewDesignator=VD32
Change Component Designator: OldDesignator=VD?29 NewDesignator=VD35
Change Component Designator: OldDesignator=VD?30 NewDesignator=VD33
Change Component Designator: OldDesignator=VD?30 NewDesignator=VD36
Change Component Designator: OldDesignator=VD?31 NewDesignator=VD34
Change Component Designator: OldDesignator=VD?31 NewDesignator=VD37
Change Component Designator: OldDesignator=VD?32 NewDesignator=VD38
Change Component Designator: OldDesignator=VD?33 NewDesignator=VD39
Change Component Designator: OldDesignator=VD?34 NewDesignator=VD40
Change Component Designator: OldDesignator=VD?35 NewDesignator=VD41
Change Component Designator: OldDesignator=VD?36 NewDesignator=VD42
Change Component Designator: OldDesignator=VD?37 NewDesignator=VD43
Change Component Designator: OldDesignator=VD?38 NewDesignator=VD44
Change Component Designator: OldDesignator=VD?39 NewDesignator=VD45
Change Component Designator: OldDesignator=VD?40 NewDesignator=VD46
Change Component Designator: OldDesignator=VD?41 NewDesignator=VD47
Change Component Designator: OldDesignator=VD?42 NewDesignator=VD48
Change Component Designator: OldDesignator=VT?1 NewDesignator=VT1
Change Component Designator: OldDesignator=X?1 NewDesignator=X1
Change Component Designator: OldDesignator=X?2 NewDesignator=X2
Change Component Designator: OldDesignator=X?3 NewDesignator=X3
Change Component Designator: OldDesignator=X?4 NewDesignator=X4
Change Component Designator: OldDesignator=X?5 NewDesignator=X5
Change Component Designator: OldDesignator=X?6 NewDesignator=X6
Change Component Designator: OldDesignator=X?7 NewDesignator=X7
Change Component Designator: OldDesignator=X?8 NewDesignator=X8
Change Component Designator: OldDesignator=X?9 NewDesignator=X9
Change Component Designator: OldDesignator=X?10 NewDesignator=X10
Change Component Designator: OldDesignator=X?11 NewDesignator=X11
Change Component Designator: OldDesignator=X?12 NewDesignator=X12
Change Component Designator: OldDesignator=X?13 NewDesignator=X13
Change Component Designator: OldDesignator=X?14 NewDesignator=X14
Change Component Designator: OldDesignator=X?15 NewDesignator=X15
Change Component Designator: OldDesignator=ZL?1 NewDesignator=ZL1
Change Component Designator: OldDesignator=ZL?2 NewDesignator=ZL2
Change Component Designator: OldDesignator=ZQ?1 NewDesignator=ZQ1
Change Component Designator: OldDesignator=ZQ?2 NewDesignator=ZQ2
Added Pin To Net: NetName=NetR?98_1 Pin=R95-1
Added Pin To Net: NetName=GND Pin=VD4-2
Added Pin To Net: NetName=GND Pin=VD8-2
Added Pin To Net: NetName=GND Pin=VD27-2
Added Pin To Net: NetName=GND Pin=VD38-2
Change Net Name : Old Net Name=NetC1_2 New Net Name=NetC5_2
Change Net Name : Old Net Name=NetC2_1 New Net Name=NetC6_1
Change Net Name : Old Net Name=NetC2_2 New Net Name=NetC6_2
Change Net Name : Old Net Name=NetC3_2 New Net Name=NetC7_2
Change Net Name : Old Net Name=NetC5_1 New Net Name=NetC3_2
Change Net Name : Old Net Name=NetC5_2 New Net Name=NetC3_1
Change Net Name : Old Net Name=NetC8_2 New Net Name=NetC18_2
Change Net Name : Old Net Name=NetC9_1 New Net Name=NetC19_1
Change Net Name : Old Net Name=NetC9_2 New Net Name=NetC19_2
Change Net Name : Old Net Name=NetC10_2 New Net Name=NetC20_2
Change Net Name : Old Net Name=NetC12_1 New Net Name=NetC16_2
Change Net Name : Old Net Name=NetC12_2 New Net Name=NetC16_1
Change Net Name : Old Net Name=NetC?13_1 New Net Name=NetC27_1
Change Net Name : Old Net Name=NetC?15_1 New Net Name=NetC29_1
Change Net Name : Old Net Name=NetC?17_1 New Net Name=NetC31_1
Change Net Name : Old Net Name=NetC?18_1 New Net Name=NetC32_1
Change Net Name : Old Net Name=NetC?21_1 New Net Name=NetC35_1
Change Net Name : Old Net Name=NetC?23_1 New Net Name=NetC37_1
Change Net Name : Old Net Name=NetC?25_1 New Net Name=NetC39_1
Change Net Name : Old Net Name=NetC?26_1 New Net Name=NetC40_1
Change Net Name : Old Net Name=NetC?29_1 New Net Name=NetC43_1
Change Net Name : Old Net Name=NetC?31_1 New Net Name=NetC45_1
Change Net Name : Old Net Name=NetC?33_1 New Net Name=NetC47_1
Change Net Name : Old Net Name=NetC?34_1 New Net Name=NetC48_1
Change Net Name : Old Net Name=NetC?37_1 New Net Name=NetC51_1
Change Net Name : Old Net Name=NetC?39_1 New Net Name=NetC53_1
Change Net Name : Old Net Name=NetC?41_1 New Net Name=NetC55_1
Change Net Name : Old Net Name=NetC?42_1 New Net Name=NetC56_1
Change Net Name : Old Net Name=NetC?51_1 New Net Name=NetC65_1
Change Net Name : Old Net Name=NetC?52_1 New Net Name=NetC66_1
Change Net Name : Old Net Name=NetC?53_1 New Net Name=NetC67_1
Change Net Name : Old Net Name=NetC?54_1 New Net Name=NetC68_1
Change Net Name : Old Net Name=NetC?55_2 New Net Name=NetC69_2
Change Net Name : Old Net Name=NetC?56_1 New Net Name=NetC70_1
Change Net Name : Old Net Name=NetC?58_2 New Net Name=NetC72_2
Change Net Name : Old Net Name=NetC?63_1 New Net Name=NetC77_1
Change Net Name : Old Net Name=NetC?64_1 New Net Name=NetC78_1
Change Net Name : Old Net Name=NetC?65_1 New Net Name=NetC79_1
Change Net Name : Old Net Name=NetC?66_1 New Net Name=NetC80_1
Change Net Name : Old Net Name=NetC?67_2 New Net Name=NetC81_2
Change Net Name : Old Net Name=NetC?68_1 New Net Name=NetC82_1
Change Net Name : Old Net Name=NetC?70_2 New Net Name=NetC84_2
Change Net Name : Old Net Name=NetC?71_1 New Net Name=NetC85_1
Change Net Name : Old Net Name=NetC?71_2 New Net Name=NetC85_2
Change Net Name : Old Net Name=NetC?72_1 New Net Name=NetC86_1
Change Net Name : Old Net Name=NetC?72_2 New Net Name=NetC86_2
Change Net Name : Old Net Name=NetC?73_1 New Net Name=NetC87_1
Change Net Name : Old Net Name=NetC?73_2 New Net Name=NetC87_2
Change Net Name : Old Net Name=NetC?75_2 New Net Name=NetC89_2
Change Net Name : Old Net Name=NetC?76_2 New Net Name=NetC90_2
Change Net Name : Old Net Name=NetC?77_2 New Net Name=NetC91_2
Change Net Name : Old Net Name=NetC?78_1 New Net Name=NetC92_1
Change Net Name : Old Net Name=NetC?82_1 New Net Name=NetC96_1
Change Net Name : Old Net Name=NetC?84_1 New Net Name=NetC98_1
Change Net Name : Old Net Name=NetC?84_2 New Net Name=NetC98_2
Change Net Name : Old Net Name=NetDA?1_6 New Net Name=NetDA1_6
Change Net Name : Old Net Name=NetDA?1_8 New Net Name=NetDA1_8
Change Net Name : Old Net Name=NetDA?2_6 New Net Name=NetDA2_6
Change Net Name : Old Net Name=NetDA?2_8 New Net Name=NetDA2_8
Change Net Name : Old Net Name=NetDA?3_6 New Net Name=NetDA3_6
Change Net Name : Old Net Name=NetDA?3_8 New Net Name=NetDA3_8
Change Net Name : Old Net Name=NetDA?4_6 New Net Name=NetDA4_6
Change Net Name : Old Net Name=NetDA?4_8 New Net Name=NetDA4_8
Change Net Name : Old Net Name=NetDA?5_6 New Net Name=NetDA5_6
Change Net Name : Old Net Name=NetDA?5_8 New Net Name=NetDA5_8
Change Net Name : Old Net Name=NetDA?6_6 New Net Name=NetDA6_6
Change Net Name : Old Net Name=NetDA?6_8 New Net Name=NetDA6_8
Change Net Name : Old Net Name=NetDA?7_6 New Net Name=NetDA7_6
Change Net Name : Old Net Name=NetDA?7_8 New Net Name=NetDA7_8
Change Net Name : Old Net Name=NetDA?8_6 New Net Name=NetDA8_6
Change Net Name : Old Net Name=NetDA?8_8 New Net Name=NetDA8_8
Change Net Name : Old Net Name=NetDA?9_2 New Net Name=NetDA9_2
Change Net Name : Old Net Name=NetDA?9_3 New Net Name=NetDA9_3
Change Net Name : Old Net Name=NetDA?10_2 New Net Name=NetDA10_2
Change Net Name : Old Net Name=NetDA?10_3 New Net Name=NetDA10_3
Change Net Name : Old Net Name=NetDA?11_1 New Net Name=NetDA11_1
Change Net Name : Old Net Name=NetDA?11_2 New Net Name=NetDA11_2
Change Net Name : Old Net Name=NetDA?12_1 New Net Name=NetDA12_1
Change Net Name : Old Net Name=NetDA?12_2 New Net Name=NetDA12_2
Change Net Name : Old Net Name=NetDA?15_4 New Net Name=NetDA15_4
Change Net Name : Old Net Name=NetDD?1_4 New Net Name=NetDD1_4
Change Net Name : Old Net Name=NetDD?2_4 New Net Name=NetDD2_4
Change Net Name : Old Net Name=NetDD?3_4 New Net Name=NetDD3_4
Change Net Name : Old Net Name=NetDD?4_4 New Net Name=NetDD4_4
Change Net Name : Old Net Name=NetDD?5_14 New Net Name=NetDD5_14
Change Net Name : Old Net Name=NetDD?5_16 New Net Name=NetDD5_16
Change Net Name : Old Net Name=NetDD?5_17 New Net Name=NetDD5_17
Change Net Name : Old Net Name=NetDD?5_18 New Net Name=NetDD5_18
Change Net Name : Old Net Name=NetDD?5_21 New Net Name=NetDD5_21
Change Net Name : Old Net Name=NetDD?5_22 New Net Name=NetDD5_22
Change Net Name : Old Net Name=NetDD?5_30 New Net Name=NetDD5_30
Change Net Name : Old Net Name=NetDD?5_31 New Net Name=NetDD5_31
Change Net Name : Old Net Name=NetDD?5_34 New Net Name=NetDD5_34
Change Net Name : Old Net Name=NetDD?5_37 New Net Name=NetDD5_37
Change Net Name : Old Net Name=NetDD?5_38 New Net Name=NetDD5_38
Change Net Name : Old Net Name=NetDD?5_39 New Net Name=NetDD5_39
Change Net Name : Old Net Name=NetDD?5_40 New Net Name=NetDD5_40
Change Net Name : Old Net Name=NetDD?5_44 New Net Name=NetDD5_44
Change Net Name : Old Net Name=NetDD?6_14 New Net Name=NetDD6_14
Change Net Name : Old Net Name=NetDD?6_16 New Net Name=NetDD6_16
Change Net Name : Old Net Name=NetDD?6_17 New Net Name=NetDD6_17
Change Net Name : Old Net Name=NetDD?6_18 New Net Name=NetDD6_18
Change Net Name : Old Net Name=NetDD?6_26 New Net Name=NetDD6_26
Change Net Name : Old Net Name=NetDD?6_27 New Net Name=NetDD6_27
Change Net Name : Old Net Name=NetDD?6_28 New Net Name=NetDD6_28
Change Net Name : Old Net Name=NetDD?6_30 New Net Name=NetDD6_30
Change Net Name : Old Net Name=NetDD?6_31 New Net Name=NetDD6_31
Change Net Name : Old Net Name=NetDD?6_34 New Net Name=NetDD6_34
Change Net Name : Old Net Name=NetDD?6_37 New Net Name=NetDD6_37
Change Net Name : Old Net Name=NetDD?6_38 New Net Name=NetDD6_38
Change Net Name : Old Net Name=NetDD?6_44 New Net Name=NetDD6_44
Change Net Name : Old Net Name=NetFU?1_1 New Net Name=NetFU1_1
Change Net Name : Old Net Name=NetFU?1_2 New Net Name=NetFU1_2
Change Net Name : Old Net Name=NetFU?2_1 New Net Name=NetFU2_1
Change Net Name : Old Net Name=NetFU?2_2 New Net Name=NetFU2_2
Change Net Name : Old Net Name=NetFU?3_1 New Net Name=NetFU3_1
Change Net Name : Old Net Name=NetQ?1_1 New Net Name=NetQ1_1
Change Net Name : Old Net Name=NetQ?1_3 New Net Name=NetQ1_3
Change Net Name : Old Net Name=NetQ?3_1 New Net Name=NetQ3_1
Change Net Name : Old Net Name=NetQ?3_3 New Net Name=NetQ3_3
Change Net Name : Old Net Name=NetR?3_8 New Net Name=NetR3_8
Change Net Name : Old Net Name=NetR?6_8 New Net Name=NetR6_8
Change Net Name : Old Net Name=NetR?95_1 New Net Name=NetR99_1
Change Net Name : Old Net Name=NetR?95_2 New Net Name=NetR102_2
Change Net Name : Old Net Name=NetR?95_3 New Net Name=NetR96_3
Change Net Name : Old Net Name=NetR?95_4 New Net Name=NetR98_4
Change Net Name : Old Net Name=NetR?95_5 New Net Name=NetR98_5
Change Net Name : Old Net Name=NetR?95_6 New Net Name=NetR96_6
Change Net Name : Old Net Name=NetR?95_7 New Net Name=NetR102_7
Change Net Name : Old Net Name=NetR?95_8 New Net Name=NetR99_8
Change Net Name : Old Net Name=NetR?96_3 New Net Name=NetR97_3
Change Net Name : Old Net Name=NetR?96_4 New Net Name=NetR104_4
Change Net Name : Old Net Name=NetR?96_6 New Net Name=NetR97_6
Change Net Name : Old Net Name=NetR?97_1 New Net Name=NetR101_1
Change Net Name : Old Net Name=NetR?97_4 New Net Name=NetR100_4
Change Net Name : Old Net Name=NetR?97_5 New Net Name=NetR100_5
Change Net Name : Old Net Name=NetR?97_8 New Net Name=NetR101_8
Change Net Name : Old Net Name=NetR?98_1 New Net Name=NetR95_1
Change Net Name : Old Net Name=NetR?98_3 New Net Name=NetR103_3
Change Net Name : Old Net Name=NetR?98_4 New Net Name=NetR95_4
Change Net Name : Old Net Name=NetR?98_5 New Net Name=NetR95_5
Change Net Name : Old Net Name=NetR?98_6 New Net Name=NetR103_6
Change Net Name : Old Net Name=NetR?100_2 New Net Name=NetR106_2
Change Net Name : Old Net Name=NetR?104_2 New Net Name=NetR110_2
Change Net Name : Old Net Name=NetVD?41_K New Net Name=NetVD47_K
Change Net Name : Old Net Name=NetVT?1_1 New Net Name=NetVT1_1
Added Pin To Net: NetName=NetR95_2 Pin=R95-2
Added Pin To Net: NetName=NetR95_2 Pin=U1-1
Added Net: Name=NetR95_2
Added Pin To Net: NetName=NetR95_7 Pin=R95-7
Added Pin To Net: NetName=NetR95_7 Pin=VD27-1
Added Net: Name=NetR95_7
Added Pin To Net: NetName=NetR95_8 Pin=R95-8
Added Pin To Net: NetName=NetR95_8 Pin=VD25-1
Added Net: Name=NetR95_8
Added Pin To Net: NetName=NetR97_1 Pin=R97-1
Added Pin To Net: NetName=NetR97_1 Pin=U1-4
Added Net: Name=NetR97_1
Added Pin To Net: NetName=NetR97_2 Pin=R97-2
Added Pin To Net: NetName=NetR97_2 Pin=U1-5
Added Net: Name=NetR97_2
Added Pin To Net: NetName=NetR97_7 Pin=R97-7
Added Pin To Net: NetName=NetR97_7 Pin=VD34-3
Added Net: Name=NetR97_7
Added Pin To Net: NetName=NetR97_8 Pin=R97-8
Added Pin To Net: NetName=NetR97_8 Pin=VD32-3
Added Net: Name=NetR97_8
Added Pin To Net: NetName=NetR100_2 Pin=R100-2
Added Pin To Net: NetName=NetR100_2 Pin=U2-1
Added Net: Name=NetR100_2
Added Pin To Net: NetName=NetR100_3 Pin=R100-3
Added Pin To Net: NetName=NetR100_3 Pin=U2-2
Added Net: Name=NetR100_3
Added Pin To Net: NetName=NetR100_6 Pin=R100-6
Added Pin To Net: NetName=NetR100_6 Pin=VD29-3
Added Net: Name=NetR100_6
Added Pin To Net: NetName=NetR100_7 Pin=R100-7
Added Pin To Net: NetName=NetR100_7 Pin=VD27-3
Added Net: Name=NetR100_7
Added Pin To Net: NetName=NetR104_5 Pin=R104-5
Added Pin To Net: NetName=NetR104_5 Pin=VD38-1
Added Net: Name=NetR104_5
Added Member To Class: ClassName=U_485_1 Member=Component C8 (C45) Capacitor ceramic
Added Member To Class: ClassName=U_485_1 Member=Component C9 (C46) Capacitor ceramic
Added Member To Class: ClassName=U_485_1 Member=Component C12 (C49) Capacitor ceramic
Added Member To Class: ClassName=U_485_1 Member=Component C13 (C50) Capacitor ceramic
Added Member To Class: ClassName=U_485_2 Member=Component C26 (C50) Capacitor ceramic
Added Member To Class: ClassName=U_indication Member=Component R96 (R37A) 220
Added Member To Class: ClassName=U_indication Member=Component R97 (R38A) 220
Added Member To Class: ClassName=U_indication Member=Component R98 (R38A) 220
Added Member To Class: ClassName=U_indication Member=Component R99 (R39A) 220
Added Member To Class: ClassName=U_indication Member=Component R100 (R39A) 220
Added Member To Class: ClassName=U_indication Member=Component R103 (R40A) 220
Added Member To Class: ClassName=U_indication Member=Component VD25 (VD15A) Diod_sv_L-7104F0
Added Member To Class: ClassName=U_indication Member=Component VD28 (VD17A) Diod_sv_L-7104F0
Added Member To Class: ClassName=U_indication Member=Component VD29 (VD17A) Diod_sv_L-7104F0
Added Member To Class: ClassName=U_indication Member=Component VD32 (VD19A) Diod_sv_L-7104F0
Added Member To Class: ClassName=U_indication Member=Component VD33 (VD19A) Diod_sv_L-7104F0
Added Member To Class: ClassName=U_indication Member=Component VD37 (VD21A) Diod_sv_L-7104F0
Added Member To Class: ClassName=power Member=Wire NetC3_1
Added Member To Class: ClassName=power Member=Wire NetC3_2
Added Member To Class: ClassName=power Member=Wire NetC16_1
Added Member To Class: ClassName=power Member=Wire NetC16_2
