Removed Pin From Net: NetName=1out2_1 Pin=C28-2
Removed Pin From Net: NetName=1out1_1 Pin=C30-2
Removed Pin From Net: NetName=1out2_2 Pin=C36-2
Removed Pin From Net: NetName=1out1_2 Pin=C38-2
Removed Pin From Net: NetName=1out2_3 Pin=C44-2
Removed Pin From Net: NetName=1out1_3 Pin=C50-2
Removed Pin From Net: NetName=1out2_4 Pin=C57-2
Removed Pin From Net: NetName=1out1_4 Pin=C58-2
Removed Pin From Net: NetName=1out2_4 Pin=DD5-19
Removed Pin From Net: NetName=1out1_4 Pin=DD5-20
Removed Pin From Net: NetName=1out1_3 Pin=DD5-41
Removed Pin From Net: NetName=1out2_3 Pin=DD6-25
Removed Pin From Net: NetName=1out2_2 Pin=DD6-42
Removed Pin From Net: NetName=1out1_2 Pin=DD6-43
Removed Pin From Net: NetName=1out2_1 Pin=DD6-45
Removed Pin From Net: NetName=1out1_1 Pin=DD6-46
Removed Pin From Net: NetName=1out1_1 Pin=R7-1
Removed Pin From Net: NetName=1out2_1 Pin=R8-1
Removed Pin From Net: NetName=1out1_1 Pin=R11-1
Removed Pin From Net: NetName=1out2_1 Pin=R13-1
Removed Pin From Net: NetName=1out1_2 Pin=R27-1
Removed Pin From Net: NetName=1out2_2 Pin=R28-1
Removed Pin From Net: NetName=1out1_2 Pin=R31-1
Removed Pin From Net: NetName=1out2_2 Pin=R33-1
Removed Pin From Net: NetName=1out2_3 Pin=R48-1
Removed Pin From Net: NetName=1out2_3 Pin=R53-1
Removed Pin From Net: NetName=1out1_3 Pin=R57-1
Removed Pin From Net: NetName=1out1_3 Pin=R61-1
Removed Pin From Net: NetName=1out1_4 Pin=R77-1
Removed Pin From Net: NetName=1out2_4 Pin=R78-1
Removed Pin From Net: NetName=1out1_4 Pin=R81-1
Removed Pin From Net: NetName=1out2_4 Pin=R83-1
Removed Member From Class: ClassName=2out1_[1..4] Member=1out1_1
Removed Member From Class: ClassName=2out1_[1..4] Member=1out1_2
Removed Member From Class: ClassName=2out1_[1..4] Member=1out1_3
Removed Member From Class: ClassName=2out1_[1..4] Member=1out1_4
Removed Member From Class: ClassName=2out2_[1..4] Member=1out2_1
Removed Member From Class: ClassName=2out2_[1..4] Member=1out2_2
Removed Member From Class: ClassName=2out2_[1..4] Member=1out2_3
Removed Member From Class: ClassName=2out2_[1..4] Member=1out2_4
Change Net Name : Old Net Name=1out1_1 New Net Name=2out1_1
Change Net Name : Old Net Name=1out1_2 New Net Name=2out1_2
Change Net Name : Old Net Name=1out2_1 New Net Name=2out2_1
Change Net Name : Old Net Name=1out2_2 New Net Name=2out2_2
Change Net Name : Old Net Name=1out2_3 New Net Name=2out2_3
Added Pin To Net: NetName=1out1_1 Pin=C30-2
Added Pin To Net: NetName=1out1_1 Pin=DD6-46
Added Pin To Net: NetName=1out1_1 Pin=R7-1
Added Pin To Net: NetName=1out1_1 Pin=R11-1
Added Net: Name=1out1_1
Added Pin To Net: NetName=1out1_2 Pin=C38-2
Added Pin To Net: NetName=1out1_2 Pin=DD6-43
Added Pin To Net: NetName=1out1_2 Pin=R27-1
Added Pin To Net: NetName=1out1_2 Pin=R31-1
Added Net: Name=1out1_2
Added Pin To Net: NetName=1out2_1 Pin=C28-2
Added Pin To Net: NetName=1out2_1 Pin=DD6-45
Added Pin To Net: NetName=1out2_1 Pin=R8-1
Added Pin To Net: NetName=1out2_1 Pin=R13-1
Added Net: Name=1out2_1
Added Pin To Net: NetName=1out2_2 Pin=C36-2
Added Pin To Net: NetName=1out2_2 Pin=DD6-42
Added Pin To Net: NetName=1out2_2 Pin=R28-1
Added Pin To Net: NetName=1out2_2 Pin=R33-1
Added Net: Name=1out2_2
Added Pin To Net: NetName=1out2_3 Pin=C44-2
Added Pin To Net: NetName=1out2_3 Pin=DD6-25
Added Pin To Net: NetName=1out2_3 Pin=R48-1
Added Pin To Net: NetName=1out2_3 Pin=R53-1
Added Net: Name=1out2_3
Added Pin To Net: NetName=2out1_3 Pin=C50-2
Added Pin To Net: NetName=2out1_3 Pin=DD5-41
Added Pin To Net: NetName=2out1_3 Pin=R57-1
Added Pin To Net: NetName=2out1_3 Pin=R61-1
Added Net: Name=2out1_3
Added Pin To Net: NetName=2out1_4 Pin=C58-2
Added Pin To Net: NetName=2out1_4 Pin=DD5-20
Added Pin To Net: NetName=2out1_4 Pin=R77-1
Added Pin To Net: NetName=2out1_4 Pin=R81-1
Added Net: Name=2out1_4
Added Pin To Net: NetName=2out2_4 Pin=C57-2
Added Pin To Net: NetName=2out2_4 Pin=DD5-19
Added Pin To Net: NetName=2out2_4 Pin=R78-1
Added Pin To Net: NetName=2out2_4 Pin=R83-1
Added Net: Name=2out2_4
Added Class: Name=_in[1..8]
Added Member To Class: ClassName=2out1_[1..4] Member=Element[0]: 2out1_
Added Member To Class: ClassName=2out1_[1..4] Member=Element[1]: 2out1_
Added Member To Class: ClassName=2out1_[1..4] Member=Element[2]: 2out1_
Added Member To Class: ClassName=2out1_[1..4] Member=Element[3]: 2out1_
Added Member To Class: ClassName=2out2_[1..4] Member=Element[0]: 2out2_
Added Member To Class: ClassName=2out2_[1..4] Member=Element[1]: 2out2_
Added Member To Class: ClassName=2out2_[1..4] Member=Element[2]: 2out2_
Added Member To Class: ClassName=2out2_[1..4] Member=Element[3]: 2out2_
