Added Pin To Net: NetName=NetDD1_32 Pin=DD1-32
Added Pin To Net: NetName=NetDD1_32 Pin=R68-1
Added Net: Name=NetDD1_32
Added Pin To Net: NetName=NetDD1_33 Pin=DD1-33
Added Pin To Net: NetName=NetDD1_33 Pin=R69-1
Added Net: Name=NetDD1_33
Added Pin To Net: NetName=NetDD2_32 Pin=DD2-32
Added Pin To Net: NetName=NetDD2_32 Pin=R75-1
Added Net: Name=NetDD2_32
Added Pin To Net: NetName=NetDD2_33 Pin=DD2-33
Added Pin To Net: NetName=NetDD2_33 Pin=R76-1
Added Net: Name=NetDD2_33
Added Pin To Net: NetName=NetR68_2 Pin=R68-2
Added Pin To Net: NetName=NetR68_2 Pin=X8-2
Added Net: Name=NetR68_2
Added Pin To Net: NetName=NetR69_2 Pin=R69-2
Added Pin To Net: NetName=NetR69_2 Pin=X8-3
Added Net: Name=NetR69_2
Added Pin To Net: NetName=NetR75_2 Pin=R75-2
Added Pin To Net: NetName=NetR75_2 Pin=X13-2
Added Net: Name=NetR75_2
Added Pin To Net: NetName=NetR76_2 Pin=R76-2
Added Pin To Net: NetName=NetR76_2 Pin=X13-3
Added Net: Name=NetR76_2
