Change Component Designator: Old Designator=C70 New Designator=C?
Change Component Designator: Old Designator=C71 New Designator=C?
Change Component Designator: Old Designator=C72 New Designator=C?
Change Component Designator: Old Designator=C73 New Designator=C?
Change Component Designator: Old Designator=C74 New Designator=C?
Change Component Designator: Old Designator=C75 New Designator=C?
Change Component Designator: Old Designator=C76 New Designator=C?
Change Component Designator: Old Designator=C77 New Designator=C?
Change Component Designator: Old Designator=C78 New Designator=C?
Change Component Designator: Old Designator=C79 New Designator=C?
Change Component Designator: Old Designator=C80 New Designator=C?
Change Component Designator: Old Designator=C81 New Designator=C?
Change Component Designator: Old Designator=C82 New Designator=C?
Change Component Designator: Old Designator=C83 New Designator=C?
Change Component Designator: Old Designator=C84 New Designator=C?
Change Component Designator: Old Designator=C85 New Designator=C?
Change Component Designator: Old Designator=C86 New Designator=C?
Change Component Designator: Old Designator=C87 New Designator=C?
Change Component Designator: Old Designator=C88 New Designator=C?
Change Component Designator: Old Designator=C89 New Designator=C?
Change Component Designator: Old Designator=C90 New Designator=C?
Change Component Designator: Old Designator=C91 New Designator=C?
Change Component Designator: Old Designator=C92 New Designator=C?
Change Component Designator: Old Designator=C93 New Designator=C?
Change Component Designator: Old Designator=C94 New Designator=C?
Change Component Designator: Old Designator=C95 New Designator=C?
Change Component Designator: Old Designator=C96 New Designator=C?
Change Component Designator: Old Designator=C97 New Designator=C?
Change Component Designator: Old Designator=C98 New Designator=C?
Change Component Designator: Old Designator=C99 New Designator=C?
Change Component Designator: Old Designator=D1 New Designator=D?
Change Component Designator: Old Designator=D2 New Designator=D?
Change Component Designator: Old Designator=DA12 New Designator=DA?
Change Component Designator: Old Designator=DA13 New Designator=DA?
Change Component Designator: Old Designator=DA14 New Designator=DA?
Change Component Designator: Old Designator=DA15 New Designator=DA?
Change Component Designator: Old Designator=DD3 New Designator=DD?
Change Component Designator: Old Designator=DD4 New Designator=DD?
Change Component Designator: Old Designator=DD5 New Designator=DD?
Change Component Designator: Old Designator=DD6 New Designator=DD?
Change Component Designator: Old Designator=FU2 New Designator=FU?
Change Component Designator: Old Designator=FU3 New Designator=FU?
Change Component Designator: Old Designator=Q2 New Designator=Q?
Change Component Designator: Old Designator=Q3 New Designator=Q?
Change Component Designator: Old Designator=Q4 New Designator=Q?
Change Component Designator: Old Designator=Q5 New Designator=Q?
Change Component Designator: Old Designator=Q6 New Designator=Q?
Change Component Designator: Old Designator=Q7 New Designator=Q?
Change Component Designator: Old Designator=R78 New Designator=R?
Change Component Designator: Old Designator=R79 New Designator=R?
Change Component Designator: Old Designator=R80 New Designator=R?
Change Component Designator: Old Designator=R80 New Designator=R?
Change Component Designator: Old Designator=R80 New Designator=R?
Change Component Designator: Old Designator=R80 New Designator=R?
Change Component Designator: Old Designator=R81 New Designator=R?
Change Component Designator: Old Designator=R82 New Designator=R?
Change Component Designator: Old Designator=R83 New Designator=R?
Change Component Designator: Old Designator=R84 New Designator=R?
Change Component Designator: Old Designator=R85 New Designator=R?
Change Component Designator: Old Designator=R86 New Designator=R?
Change Component Designator: Old Designator=R87 New Designator=R?
Change Component Designator: Old Designator=R88 New Designator=R?
Change Component Designator: Old Designator=R89 New Designator=R?
Change Component Designator: Old Designator=R90 New Designator=R?
Change Component Designator: Old Designator=R91 New Designator=R?
Change Component Designator: Old Designator=R92 New Designator=R?
Change Component Designator: Old Designator=R93 New Designator=R?
Change Component Designator: Old Designator=R94 New Designator=R?
Change Component Designator: Old Designator=R95 New Designator=R?
Change Component Designator: Old Designator=R96 New Designator=R?
Change Component Designator: Old Designator=R96 New Designator=R?
Change Component Designator: Old Designator=R96 New Designator=R?
Change Component Designator: Old Designator=R96 New Designator=R?
Change Component Designator: Old Designator=R97 New Designator=R?
Change Component Designator: Old Designator=R97 New Designator=R?
Change Component Designator: Old Designator=R97 New Designator=R?
Change Component Designator: Old Designator=R97 New Designator=R?
Change Component Designator: Old Designator=R98 New Designator=R?
Change Component Designator: Old Designator=R98 New Designator=R?
Change Component Designator: Old Designator=R98 New Designator=R?
Change Component Designator: Old Designator=R98 New Designator=R?
Change Component Designator: Old Designator=R99 New Designator=R?
Change Component Designator: Old Designator=R99 New Designator=R?
Change Component Designator: Old Designator=R100 New Designator=R?
Change Component Designator: Old Designator=R100 New Designator=R?
Change Component Designator: Old Designator=R101 New Designator=R?
Change Component Designator: Old Designator=U3 New Designator=U?
Change Component Designator: Old Designator=U4 New Designator=U?
Change Component Designator: Old Designator=VD21 New Designator=VD?
Change Component Designator: Old Designator=VD21 New Designator=VD?
Change Component Designator: Old Designator=VD22 New Designator=VD?
Change Component Designator: Old Designator=VD23 New Designator=VD?
Change Component Designator: Old Designator=VD24 New Designator=VD?
Change Component Designator: Old Designator=VD25 New Designator=VD?
Change Component Designator: Old Designator=VD26 New Designator=VD?
Change Component Designator: Old Designator=VD27 New Designator=VD?
Change Component Designator: Old Designator=VD28 New Designator=VD?
Change Component Designator: Old Designator=VD29 New Designator=VD?
Change Component Designator: Old Designator=VD30 New Designator=VD?
Change Component Designator: Old Designator=VD31 New Designator=VD?
Change Component Designator: Old Designator=VD31 New Designator=VD?
Change Component Designator: Old Designator=VD32 New Designator=VD?
Change Component Designator: Old Designator=VD32 New Designator=VD?
Change Component Designator: Old Designator=VD33 New Designator=VD?
Change Component Designator: Old Designator=VD33 New Designator=VD?
Change Component Designator: Old Designator=VD34 New Designator=VD?
Change Component Designator: Old Designator=VD34 New Designator=VD?
Change Component Designator: Old Designator=VD35 New Designator=VD?
Change Component Designator: Old Designator=VD35 New Designator=VD?
Change Component Designator: Old Designator=VD36 New Designator=VD?
Change Component Designator: Old Designator=VD36 New Designator=VD?
Change Component Designator: Old Designator=VD37 New Designator=VD?
Change Component Designator: Old Designator=VD37 New Designator=VD?
Change Component Designator: Old Designator=VD38 New Designator=VD?
Change Component Designator: Old Designator=VD38 New Designator=VD?
Change Component Designator: Old Designator=VD39 New Designator=VD?
Change Component Designator: Old Designator=VD39 New Designator=VD?
Change Component Designator: Old Designator=VD40 New Designator=VD?
Change Component Designator: Old Designator=VD41 New Designator=VD?
Change Component Designator: Old Designator=VD42 New Designator=VD?
Change Component Designator: Old Designator=X14 New Designator=X?
Change Component Designator: Old Designator=X15 New Designator=X?
Change Component Designator: Old Designator=XP1 New Designator=XP?
