Change Component Designator: Old Designator=C33 New Designator=C46
Change Component Designator: Old Designator=C34 New Designator=C50
Change Component Designator: Old Designator=C35 New Designator=C47
Change Component Designator: Old Designator=C36 New Designator=C65
Change Component Designator: Old Designator=C37 New Designator=C49
Change Component Designator: Old Designator=C38 New Designator=C54
Change Component Designator: Old Designator=C39 New Designator=C68
Change Component Designator: Old Designator=C40 New Designator=C66
Change Component Designator: Old Designator=C41 New Designator=C48
Change Component Designator: Old Designator=C42 New Designator=C51
Change Component Designator: Old Designator=C43 New Designator=C69
Change Component Designator: Old Designator=C44 New Designator=C45
Change Component Designator: Old Designator=C45 New Designator=C67
Change Component Designator: Old Designator=C46 New Designator=C35
Change Component Designator: Old Designator=C47 New Designator=C37
Change Component Designator: Old Designator=C48 New Designator=C43
Change Component Designator: Old Designator=C49 New Designator=C55
Change Component Designator: Old Designator=C50 New Designator=C57
Change Component Designator: Old Designator=C51 New Designator=C63
Change Component Designator: Old Designator=C52 New Designator=C33
Change Component Designator: Old Designator=C53 New Designator=C44
Change Component Designator: Old Designator=C54 New Designator=C52
Change Component Designator: Old Designator=C55 New Designator=C64
Change Component Designator: Old Designator=C56 New Designator=C38
Change Component Designator: Old Designator=C57 New Designator=C41
Change Component Designator: Old Designator=C59 New Designator=C61
Change Component Designator: Old Designator=C60 New Designator=C39
Change Component Designator: Old Designator=C61 New Designator=C59
Change Component Designator: Old Designator=C62 New Designator=C42
Change Component Designator: Old Designator=C63 New Designator=C40
Change Component Designator: Old Designator=C64 New Designator=C62
Change Component Designator: Old Designator=C65 New Designator=C34
Change Component Designator: Old Designator=C66 New Designator=C60
Change Component Designator: Old Designator=C67 New Designator=C53
Change Component Designator: Old Designator=C68 New Designator=C36
Change Component Designator: Old Designator=C69 New Designator=C56
Change Component Designator: Old Designator=DA9 New Designator=DA10
Change Component Designator: Old Designator=DA10 New Designator=DA11
Change Component Designator: Old Designator=DA11 New Designator=DA9
Change Component Designator: Old Designator=L1 New Designator=L3
Change Component Designator: Old Designator=L3 New Designator=L5
Change Component Designator: Old Designator=L4 New Designator=L6
Change Component Designator: Old Designator=L5 New Designator=L1
Change Component Designator: Old Designator=L6 New Designator=L4
Change Component Designator: Old Designator=R65 New Designator=R67
Change Component Designator: Old Designator=R66 New Designator=R73
Change Component Designator: Old Designator=R67 New Designator=R71
Change Component Designator: Old Designator=R68 New Designator=R72
Change Component Designator: Old Designator=R69 New Designator=R66
Change Component Designator: Old Designator=R70 New Designator=R65
Change Component Designator: Old Designator=R71 New Designator=R74
Change Component Designator: Old Designator=R72 New Designator=R70
Change Component Designator: Old Designator=R73 New Designator=R77
Change Component Designator: Old Designator=R74 New Designator=R69
Change Component Designator: Old Designator=R75 New Designator=R68
Change Component Designator: Old Designator=R77 New Designator=R75
Change Component Designator: Old Designator=VD17 New Designator=VD18
Change Component Designator: Old Designator=VD18 New Designator=VD19
Change Component Designator: Old Designator=VD19 New Designator=VD17
Change Component Designator: Old Designator=X5 New Designator=X9
Change Component Designator: Old Designator=X6 New Designator=X8
Change Component Designator: Old Designator=X7 New Designator=X6
Change Component Designator: Old Designator=X8 New Designator=X13
Change Component Designator: Old Designator=X9 New Designator=X11
Change Component Designator: Old Designator=X10 New Designator=X7
Change Component Designator: Old Designator=X11 New Designator=X12
Change Component Designator: Old Designator=X12 New Designator=X5
Change Component Designator: Old Designator=X13 New Designator=X10
