Change Component Designator: Old Designator=C70 New Designator=C85
Change Component Designator: Old Designator=C71 New Designator=C83
Change Component Designator: Old Designator=C72 New Designator=C87
Change Component Designator: Old Designator=C73 New Designator=C80
Change Component Designator: Old Designator=C74 New Designator=C95
Change Component Designator: Old Designator=C75 New Designator=C76
Change Component Designator: Old Designator=C76 New Designator=C90
Change Component Designator: Old Designator=C77 New Designator=C97
Change Component Designator: Old Designator=C78 New Designator=C71
Change Component Designator: Old Designator=C79 New Designator=C72
Change Component Designator: Old Designator=C80 New Designator=C81
Change Component Designator: Old Designator=C81 New Designator=C96
Change Component Designator: Old Designator=C82 New Designator=C77
Change Component Designator: Old Designator=C83 New Designator=C99
Change Component Designator: Old Designator=C84 New Designator=C91
Change Component Designator: Old Designator=C85 New Designator=C73
Change Component Designator: Old Designator=C86 New Designator=C84
Change Component Designator: Old Designator=C87 New Designator=C70
Change Component Designator: Old Designator=C88 New Designator=C82
Change Component Designator: Old Designator=C89 New Designator=C86
Change Component Designator: Old Designator=C90 New Designator=C78
Change Component Designator: Old Designator=C91 New Designator=C92
Change Component Designator: Old Designator=C92 New Designator=C74
Change Component Designator: Old Designator=C93 New Designator=C88
Change Component Designator: Old Designator=C95 New Designator=C79
Change Component Designator: Old Designator=C96 New Designator=C93
Change Component Designator: Old Designator=C97 New Designator=C75
Change Component Designator: Old Designator=C99 New Designator=C89
Change Component Designator: Old Designator=D1 New Designator=D2
Change Component Designator: Old Designator=D2 New Designator=D1
Change Component Designator: Old Designator=DA14 New Designator=DA15
Change Component Designator: Old Designator=DA15 New Designator=DA14
Change Component Designator: Old Designator=DD3 New Designator=DD4
Change Component Designator: Old Designator=DD4 New Designator=DD6
Change Component Designator: Old Designator=DD5 New Designator=DD3
Change Component Designator: Old Designator=DD6 New Designator=DD5
Change Component Designator: Old Designator=Q4 New Designator=Q7
Change Component Designator: Old Designator=Q7 New Designator=Q4
Change Component Designator: Old Designator=R78 New Designator=R87
Change Component Designator: Old Designator=R79 New Designator=R81
Change Component Designator: Old Designator=R80 New Designator=R93
Change Component Designator: Old Designator=R80 New Designator=R93
Change Component Designator: Old Designator=R80 New Designator=R78
Change Component Designator: Old Designator=R80 New Designator=R78
Change Component Designator: Old Designator=R81 New Designator=R84
Change Component Designator: Old Designator=R82 New Designator=R79
Change Component Designator: Old Designator=R83 New Designator=R95
Change Component Designator: Old Designator=R84 New Designator=R85
Change Component Designator: Old Designator=R85 New Designator=R80
Change Component Designator: Old Designator=R86 New Designator=R82
Change Component Designator: Old Designator=R87 New Designator=R88
Change Component Designator: Old Designator=R88 New Designator=R99
Change Component Designator: Old Designator=R89 New Designator=R91
Change Component Designator: Old Designator=R90 New Designator=R97
Change Component Designator: Old Designator=R91 New Designator=R101
Change Component Designator: Old Designator=R92 New Designator=R94
Change Component Designator: Old Designator=R93 New Designator=R98
Change Component Designator: Old Designator=R94 New Designator=R96
Change Component Designator: Old Designator=R95 New Designator=R100
Change Component Designator: Old Designator=R96 New Designator=R92
Change Component Designator: Old Designator=R96 New Designator=R78
Change Component Designator: Old Designator=R96 New Designator=R83
Change Component Designator: Old Designator=R96 New Designator=R83
Change Component Designator: Old Designator=R97 New Designator=R78
Change Component Designator: Old Designator=R97 New Designator=R83
Change Component Designator: Old Designator=R97 New Designator=R86
Change Component Designator: Old Designator=R97 New Designator=R86
Change Component Designator: Old Designator=R98 New Designator=R83
Change Component Designator: Old Designator=R98 New Designator=R86
Change Component Designator: Old Designator=R98 New Designator=R89
Change Component Designator: Old Designator=R98 New Designator=R89
Change Component Designator: Old Designator=R99 New Designator=R86
Change Component Designator: Old Designator=R99 New Designator=R89
Change Component Designator: Old Designator=R100 New Designator=R89
Change Component Designator: Old Designator=R100 New Designator=R92
Change Component Designator: Old Designator=R101 New Designator=R90
Change Component Designator: Old Designator=VD21 New Designator=VD42
Change Component Designator: Old Designator=VD21 New Designator=VD42
Change Component Designator: Old Designator=VD22 New Designator=VD25
Change Component Designator: Old Designator=VD23 New Designator=VD32
Change Component Designator: Old Designator=VD24 New Designator=VD22
Change Component Designator: Old Designator=VD25 New Designator=VD24
Change Component Designator: Old Designator=VD26 New Designator=VD28
Change Component Designator: Old Designator=VD27 New Designator=VD30
Change Component Designator: Old Designator=VD28 New Designator=VD38
Change Component Designator: Old Designator=VD29 New Designator=VD40
Change Component Designator: Old Designator=VD30 New Designator=VD36
Change Component Designator: Old Designator=VD31 New Designator=VD41
Change Component Designator: Old Designator=VD31 New Designator=VD41
Change Component Designator: Old Designator=VD32 New Designator=VD21
Change Component Designator: Old Designator=VD32 New Designator=VD21
Change Component Designator: Old Designator=VD33 New Designator=VD23
Change Component Designator: Old Designator=VD33 New Designator=VD23
Change Component Designator: Old Designator=VD34 New Designator=VD26
Change Component Designator: Old Designator=VD34 New Designator=VD26
Change Component Designator: Old Designator=VD35 New Designator=VD27
Change Component Designator: Old Designator=VD35 New Designator=VD27
Change Component Designator: Old Designator=VD36 New Designator=VD29
Change Component Designator: Old Designator=VD36 New Designator=VD29
Change Component Designator: Old Designator=VD37 New Designator=VD31
Change Component Designator: Old Designator=VD37 New Designator=VD31
Change Component Designator: Old Designator=VD38 New Designator=VD33
Change Component Designator: Old Designator=VD38 New Designator=VD33
Change Component Designator: Old Designator=VD39 New Designator=VD34
Change Component Designator: Old Designator=VD39 New Designator=VD34
Change Component Designator: Old Designator=VD40 New Designator=VD37
Change Component Designator: Old Designator=VD41 New Designator=VD39
Change Component Designator: Old Designator=VD42 New Designator=VD35
